{"/app/src/config/AppDataSourceManager.ts": {"path":"/app/src/config/AppDataSourceManager.ts","statementMap":{"0":{"start":{"line":2,"column":0},"end":{"line":2,"column":48}},"1":{"start":{"line":6,"column":10},"end":{"line":6,"column":49}},"2":{"start":{"line":7,"column":10},"end":{"line":7,"column":49}},"3":{"start":{"line":10,"column":4},"end":{"line":12,"column":null}},"4":{"start":{"line":11,"column":6},"end":{"line":11,"column":49}},"5":{"start":{"line":13,"column":4},"end":{"line":13,"column":25}},"6":{"start":{"line":17,"column":4},"end":{"line":17,"column":27}},"7":{"start":{"line":21,"column":4},"end":{"line":24,"column":null}},"8":{"start":{"line":22,"column":6},"end":{"line":22,"column":61}},"9":{"start":{"line":23,"column":6},"end":{"line":23,"column":39}},"10":{"start":{"line":28,"column":4},"end":{"line":31,"column":null}},"11":{"start":{"line":29,"column":6},"end":{"line":29,"column":39}},"12":{"start":{"line":30,"column":6},"end":{"line":30,"column":30}},"13":{"start":{"line":35,"column":4},"end":{"line":35,"column":34}},"14":{"start":{"line":36,"column":4},"end":{"line":38,"column":null}},"15":{"start":{"line":37,"column":6},"end":{"line":37,"column":38}},"16":{"start":{"line":42,"column":4},"end":{"line":61,"column":null}},"17":{"start":{"line":43,"column":6},"end":{"line":43,"column":38}},"18":{"start":{"line":44,"column":23},"end":{"line":44,"column":54}},"19":{"start":{"line":46,"column":6},"end":{"line":46,"column":65}},"20":{"start":{"line":47,"column":6},"end":{"line":47,"column":49}},"21":{"start":{"line":49,"column":6},"end":{"line":53,"column":null}},"22":{"start":{"line":50,"column":8},"end":{"line":52,"column":10}},"23":{"start":{"line":55,"column":6},"end":{"line":55,"column":50}},"24":{"start":{"line":57,"column":6},"end":{"line":57,"column":52}},"25":{"start":{"line":59,"column":6},"end":{"line":59,"column":65}},"26":{"start":{"line":60,"column":6},"end":{"line":60,"column":36}},"27":{"start":{"line":65,"column":29},"end":{"line":65,"column":63}},"28":{"start":{"line":67,"column":9},"end":{"line":67,"column":29}}},"fnMap":{"0":{"name":"(anonymous_7)","decl":{"start":{"line":4,"column":0},"end":{"line":4,"column":6}},"loc":{"start":{"line":4,"column":0},"end":{"line":63,"column":1}}},"1":{"name":"(anonymous_8)","decl":{"start":{"line":9,"column":9},"end":{"line":9,"column":15}},"loc":{"start":{"line":9,"column":27},"end":{"line":14,"column":3}}},"2":{"name":"(anonymous_9)","decl":{"start":{"line":16,"column":2},"end":{"line":16,"column":15}},"loc":{"start":{"line":16,"column":15},"end":{"line":18,"column":3}}},"3":{"name":"(anonymous_10)","decl":{"start":{"line":20,"column":8},"end":{"line":20,"column":26}},"loc":{"start":{"line":20,"column":26},"end":{"line":25,"column":null}}},"4":{"name":"(anonymous_12)","decl":{"start":{"line":27,"column":8},"end":{"line":27,"column":24}},"loc":{"start":{"line":27,"column":24},"end":{"line":32,"column":null}}},"5":{"name":"(anonymous_14)","decl":{"start":{"line":34,"column":8},"end":{"line":34,"column":13}},"loc":{"start":{"line":34,"column":13},"end":{"line":39,"column":null}}},"6":{"name":"(anonymous_16)","decl":{"start":{"line":41,"column":8},"end":{"line":41,"column":13}},"loc":{"start":{"line":41,"column":13},"end":{"line":62,"column":null}}}},"branchMap":{"0":{"loc":{"start":{"line":10,"column":4},"end":{"line":12,"column":null}},"type":"if","locations":[{"start":{"line":10,"column":4},"end":{"line":12,"column":null}}]},"1":{"loc":{"start":{"line":21,"column":4},"end":{"line":24,"column":null}},"type":"if","locations":[{"start":{"line":21,"column":4},"end":{"line":24,"column":null}}]},"2":{"loc":{"start":{"line":28,"column":4},"end":{"line":31,"column":null}},"type":"if","locations":[{"start":{"line":28,"column":4},"end":{"line":31,"column":null}}]},"3":{"loc":{"start":{"line":36,"column":4},"end":{"line":38,"column":null}},"type":"if","locations":[{"start":{"line":36,"column":4},"end":{"line":38,"column":null}}]}},"s":{"0":1,"1":1,"2":1,"3":1,"4":1,"5":1,"6":1,"7":4,"8":4,"9":4,"10":5,"11":4,"12":4,"13":1,"14":1,"15":1,"16":4,"17":4,"18":4,"19":4,"20":4,"21":4,"22":32,"23":4,"24":0,"25":4,"26":4,"27":1,"28":1},"f":{"0":1,"1":1,"2":1,"3":4,"4":5,"5":1,"6":4},"b":{"0":[1],"1":[4],"2":[4],"3":[1]}}
,"/app/src/config/AppDatasource.ts": {"path":"/app/src/config/AppDatasource.ts","statementMap":{"0":{"start":{"line":1,"column":0},"end":{"line":1,"column":37}},"1":{"start":{"line":2,"column":0},"end":{"line":2,"column":37}},"2":{"start":{"line":4,"column":13},"end":{"line":4,"column":52}}},"fnMap":{},"branchMap":{},"s":{"0":1,"1":1,"2":1},"f":{},"b":{}}
,"/app/src/config/ormconfig.ts": {"path":"/app/src/config/ormconfig.ts","statementMap":{"0":{"start":{"line":2,"column":0},"end":{"line":2,"column":28}},"1":{"start":{"line":4,"column":0},"end":{"line":6,"column":null}},"2":{"start":{"line":5,"column":2},"end":{"line":5,"column":45}},"3":{"start":{"line":8,"column":34},"end":{"line":21,"column":2}},"4":{"start":{"line":23,"column":9},"end":{"line":23,"column":15}}},"fnMap":{},"branchMap":{"0":{"loc":{"start":{"line":4,"column":0},"end":{"line":6,"column":null}},"type":"if","locations":[{"start":{"line":4,"column":0},"end":{"line":6,"column":null}}]},"1":{"loc":{"start":{"line":16,"column":11},"end":{"line":16,"column":57}},"type":"cond-expr","locations":[{"start":{"line":16,"column":45},"end":{"line":16,"column":50}},{"start":{"line":16,"column":53},"end":{"line":16,"column":57}}]},"2":{"loc":{"start":{"line":17,"column":13},"end":{"line":17,"column":42}},"type":"binary-expr","locations":[{"start":{"line":17,"column":13},"end":{"line":17,"column":36}},{"start":{"line":17,"column":40},"end":{"line":17,"column":42}}]},"3":{"loc":{"start":{"line":18,"column":15},"end":{"line":18,"column":46}},"type":"binary-expr","locations":[{"start":{"line":18,"column":15},"end":{"line":18,"column":40}},{"start":{"line":18,"column":44},"end":{"line":18,"column":46}}]},"4":{"loc":{"start":{"line":19,"column":16},"end":{"line":19,"column":48}},"type":"binary-expr","locations":[{"start":{"line":19,"column":16},"end":{"line":19,"column":42}},{"start":{"line":19,"column":46},"end":{"line":19,"column":48}}]}},"s":{"0":1,"1":1,"2":0,"3":1,"4":1},"f":{},"b":{"0":[0],"1":[1,0],"2":[1,0],"3":[1,0],"4":[1,1]}}
,"/app/src/entities/BaseDate.ts": {"path":"/app/src/entities/BaseDate.ts","statementMap":{"0":{"start":{"line":1,"column":0},"end":{"line":1,"column":79}},"1":{"start":{"line":3,"column":0},"end":{"line":3,"column":22}},"2":{"start":{"line":5,"column":2},"end":{"line":5,"column":null}},"3":{"start":{"line":8,"column":2},"end":{"line":8,"column":null}},"4":{"start":{"line":11,"column":2},"end":{"line":11,"column":null}}},"fnMap":{},"branchMap":{},"s":{"0":1,"1":1,"2":1,"3":1,"4":1},"f":{},"b":{}}
,"/app/src/entities/Follow.ts": {"path":"/app/src/entities/Follow.ts","statementMap":{"0":{"start":{"line":1,"column":0},"end":{"line":1,"column":null}},"1":{"start":{"line":8,"column":0},"end":{"line":8,"column":38}},"2":{"start":{"line":9,"column":0},"end":{"line":9,"column":30}},"3":{"start":{"line":13,"column":19},"end":{"line":24,"column":null}},"4":{"start":{"line":15,"column":2},"end":{"line":15,"column":null}},"5":{"start":{"line":19,"column":2},"end":{"line":19,"column":null}},"6":{"start":{"line":17,"column":19},"end":{"line":17,"column":23}},"7":{"start":{"line":17,"column":35},"end":{"line":17,"column":42}},"8":{"start":{"line":23,"column":2},"end":{"line":23,"column":null}},"9":{"start":{"line":21,"column":19},"end":{"line":21,"column":23}},"10":{"start":{"line":21,"column":35},"end":{"line":21,"column":42}},"11":{"start":{"line":13,"column":13},"end":{"line":24,"column":null}}},"fnMap":{"0":{"name":"(anonymous_2)","decl":{"start":{"line":17,"column":13},"end":{"line":17,"column":16}},"loc":{"start":{"line":17,"column":19},"end":{"line":17,"column":23}}},"1":{"name":"(anonymous_3)","decl":{"start":{"line":17,"column":25},"end":{"line":17,"column":26}},"loc":{"start":{"line":17,"column":35},"end":{"line":17,"column":42}}},"2":{"name":"(anonymous_4)","decl":{"start":{"line":21,"column":13},"end":{"line":21,"column":16}},"loc":{"start":{"line":21,"column":19},"end":{"line":21,"column":23}}},"3":{"name":"(anonymous_5)","decl":{"start":{"line":21,"column":25},"end":{"line":21,"column":26}},"loc":{"start":{"line":21,"column":35},"end":{"line":21,"column":42}}}},"branchMap":{},"s":{"0":1,"1":1,"2":1,"3":1,"4":1,"5":1,"6":1,"7":1,"8":1,"9":1,"10":1,"11":1},"f":{"0":1,"1":1,"2":1,"3":1},"b":{}}
,"/app/src/entities/Hashtag.ts": {"path":"/app/src/entities/Hashtag.ts","statementMap":{"0":{"start":{"line":1,"column":0},"end":{"line":1,"column":null}},"1":{"start":{"line":9,"column":0},"end":{"line":9,"column":38}},"2":{"start":{"line":10,"column":0},"end":{"line":10,"column":30}},"3":{"start":{"line":13,"column":20},"end":{"line":33,"column":null}},"4":{"start":{"line":15,"column":2},"end":{"line":15,"column":null}},"5":{"start":{"line":18,"column":2},"end":{"line":18,"column":null}},"6":{"start":{"line":32,"column":2},"end":{"line":32,"column":null}},"7":{"start":{"line":20,"column":20},"end":{"line":20,"column":24}},"8":{"start":{"line":20,"column":36},"end":{"line":20,"column":43}},"9":{"start":{"line":13,"column":13},"end":{"line":33,"column":null}}},"fnMap":{"0":{"name":"(anonymous_2)","decl":{"start":{"line":20,"column":14},"end":{"line":20,"column":17}},"loc":{"start":{"line":20,"column":20},"end":{"line":20,"column":24}}},"1":{"name":"(anonymous_3)","decl":{"start":{"line":20,"column":26},"end":{"line":20,"column":27}},"loc":{"start":{"line":20,"column":36},"end":{"line":20,"column":43}}}},"branchMap":{},"s":{"0":1,"1":1,"2":1,"3":1,"4":1,"5":1,"6":1,"7":1,"8":1,"9":1},"f":{"0":1,"1":1},"b":{}}
,"/app/src/entities/Post.ts": {"path":"/app/src/entities/Post.ts","statementMap":{"0":{"start":{"line":1,"column":0},"end":{"line":1,"column":null}},"1":{"start":{"line":10,"column":0},"end":{"line":10,"column":38}},"2":{"start":{"line":11,"column":0},"end":{"line":11,"column":30}},"3":{"start":{"line":12,"column":0},"end":{"line":12,"column":36}},"4":{"start":{"line":15,"column":17},"end":{"line":56,"column":null}},"5":{"start":{"line":17,"column":2},"end":{"line":17,"column":null}},"6":{"start":{"line":20,"column":2},"end":{"line":20,"column":null}},"7":{"start":{"line":23,"column":2},"end":{"line":23,"column":null}},"8":{"start":{"line":27,"column":2},"end":{"line":27,"column":null}},"9":{"start":{"line":25,"column":19},"end":{"line":25,"column":23}},"10":{"start":{"line":25,"column":35},"end":{"line":25,"column":42}},"11":{"start":{"line":41,"column":2},"end":{"line":41,"column":null}},"12":{"start":{"line":29,"column":20},"end":{"line":29,"column":27}},"13":{"start":{"line":29,"column":43},"end":{"line":29,"column":54}},"14":{"start":{"line":55,"column":2},"end":{"line":55,"column":null}},"15":{"start":{"line":43,"column":20},"end":{"line":43,"column":24}},"16":{"start":{"line":43,"column":36},"end":{"line":43,"column":43}},"17":{"start":{"line":15,"column":13},"end":{"line":56,"column":null}}},"fnMap":{"0":{"name":"(anonymous_2)","decl":{"start":{"line":25,"column":13},"end":{"line":25,"column":16}},"loc":{"start":{"line":25,"column":19},"end":{"line":25,"column":23}}},"1":{"name":"(anonymous_3)","decl":{"start":{"line":25,"column":25},"end":{"line":25,"column":26}},"loc":{"start":{"line":25,"column":35},"end":{"line":25,"column":42}}},"2":{"name":"(anonymous_4)","decl":{"start":{"line":29,"column":14},"end":{"line":29,"column":17}},"loc":{"start":{"line":29,"column":20},"end":{"line":29,"column":27}}},"3":{"name":"(anonymous_5)","decl":{"start":{"line":29,"column":29},"end":{"line":29,"column":30}},"loc":{"start":{"line":29,"column":43},"end":{"line":29,"column":54}}},"4":{"name":"(anonymous_6)","decl":{"start":{"line":43,"column":14},"end":{"line":43,"column":17}},"loc":{"start":{"line":43,"column":20},"end":{"line":43,"column":24}}},"5":{"name":"(anonymous_7)","decl":{"start":{"line":43,"column":26},"end":{"line":43,"column":27}},"loc":{"start":{"line":43,"column":36},"end":{"line":43,"column":43}}}},"branchMap":{},"s":{"0":1,"1":1,"2":1,"3":1,"4":1,"5":1,"6":1,"7":1,"8":1,"9":1,"10":1,"11":1,"12":1,"13":1,"14":1,"15":1,"16":1,"17":1},"f":{"0":1,"1":1,"2":1,"3":1,"4":1,"5":1},"b":{}}
,"/app/src/entities/User.ts": {"path":"/app/src/entities/User.ts","statementMap":{"0":{"start":{"line":1,"column":0},"end":{"line":1,"column":null}},"1":{"start":{"line":9,"column":0},"end":{"line":9,"column":38}},"2":{"start":{"line":10,"column":0},"end":{"line":10,"column":30}},"3":{"start":{"line":11,"column":0},"end":{"line":11,"column":34}},"4":{"start":{"line":14,"column":17},"end":{"line":52,"column":null}},"5":{"start":{"line":16,"column":2},"end":{"line":16,"column":null}},"6":{"start":{"line":19,"column":2},"end":{"line":19,"column":null}},"7":{"start":{"line":22,"column":2},"end":{"line":22,"column":null}},"8":{"start":{"line":25,"column":2},"end":{"line":25,"column":null}},"9":{"start":{"line":28,"column":2},"end":{"line":28,"column":null}},"10":{"start":{"line":31,"column":2},"end":{"line":31,"column":null}},"11":{"start":{"line":34,"column":2},"end":{"line":34,"column":null}},"12":{"start":{"line":33,"column":19},"end":{"line":33,"column":25}},"13":{"start":{"line":33,"column":39},"end":{"line":33,"column":54}},"14":{"start":{"line":37,"column":2},"end":{"line":37,"column":null}},"15":{"start":{"line":36,"column":19},"end":{"line":36,"column":25}},"16":{"start":{"line":36,"column":39},"end":{"line":36,"column":55}},"17":{"start":{"line":51,"column":2},"end":{"line":51,"column":null}},"18":{"start":{"line":39,"column":20},"end":{"line":39,"column":24}},"19":{"start":{"line":39,"column":36},"end":{"line":39,"column":43}},"20":{"start":{"line":14,"column":13},"end":{"line":52,"column":null}}},"fnMap":{"0":{"name":"(anonymous_2)","decl":{"start":{"line":33,"column":13},"end":{"line":33,"column":16}},"loc":{"start":{"line":33,"column":19},"end":{"line":33,"column":25}}},"1":{"name":"(anonymous_3)","decl":{"start":{"line":33,"column":27},"end":{"line":33,"column":28}},"loc":{"start":{"line":33,"column":39},"end":{"line":33,"column":54}}},"2":{"name":"(anonymous_4)","decl":{"start":{"line":36,"column":13},"end":{"line":36,"column":16}},"loc":{"start":{"line":36,"column":19},"end":{"line":36,"column":25}}},"3":{"name":"(anonymous_5)","decl":{"start":{"line":36,"column":27},"end":{"line":36,"column":28}},"loc":{"start":{"line":36,"column":39},"end":{"line":36,"column":55}}},"4":{"name":"(anonymous_6)","decl":{"start":{"line":39,"column":14},"end":{"line":39,"column":17}},"loc":{"start":{"line":39,"column":20},"end":{"line":39,"column":24}}},"5":{"name":"(anonymous_7)","decl":{"start":{"line":39,"column":26},"end":{"line":39,"column":27}},"loc":{"start":{"line":39,"column":36},"end":{"line":39,"column":43}}}},"branchMap":{},"s":{"0":1,"1":1,"2":1,"3":1,"4":1,"5":1,"6":1,"7":1,"8":1,"9":1,"10":1,"11":1,"12":1,"13":1,"14":1,"15":1,"16":1,"17":1,"18":1,"19":1,"20":1},"f":{"0":1,"1":1,"2":1,"3":1,"4":1,"5":1},"b":{}}
,"/app/src/errors/common-error.ts": {"path":"/app/src/errors/common-error.ts","statementMap":{"0":{"start":{"line":1,"column":0},"end":{"line":1,"column":22}}},"fnMap":{},"branchMap":{},"s":{"0":2},"f":{},"b":{}}
,"/app/src/errors/forbidden-error.ts": {"path":"/app/src/errors/forbidden-error.ts","statementMap":{"0":{"start":{"line":1,"column":0},"end":{"line":1,"column":45}},"1":{"start":{"line":7,"column":4},"end":{"line":7,"column":12}},"2":{"start":{"line":6,"column":23},"end":{"line":6,"column":35}},"3":{"start":{"line":4,"column":2},"end":{"line":4,"column":38}},"4":{"start":{"line":5,"column":2},"end":{"line":5,"column":27}},"5":{"start":{"line":8,"column":4},"end":{"line":10,"column":null}},"6":{"start":{"line":9,"column":6},"end":{"line":9,"column":25}},"7":{"start":{"line":14,"column":4},"end":{"line":18,"column":6}},"8":{"start":{"line":3,"column":0},"end":{"line":3,"column":13}}},"fnMap":{"0":{"name":"(anonymous_0)","decl":{"start":{"line":6,"column":2},"end":{"line":6,"column":23}},"loc":{"start":{"line":6,"column":35},"end":{"line":11,"column":3}}},"1":{"name":"(anonymous_1)","decl":{"start":{"line":13,"column":2},"end":{"line":13,"column":17}},"loc":{"start":{"line":13,"column":17},"end":{"line":19,"column":3}}}},"branchMap":{"0":{"loc":{"start":{"line":8,"column":4},"end":{"line":10,"column":null}},"type":"if","locations":[{"start":{"line":8,"column":4},"end":{"line":10,"column":null}}]}},"s":{"0":1,"1":0,"2":0,"3":0,"4":0,"5":0,"6":0,"7":0,"8":1},"f":{"0":0,"1":0},"b":{"0":[0]}}
,"/app/src/middlewares/authentication.ts": {"path":"/app/src/middlewares/authentication.ts","statementMap":{"0":{"start":{"line":1,"column":0},"end":{"line":1,"column":58}},"1":{"start":{"line":16,"column":26},"end":{"line":28,"column":1}},"2":{"start":{"line":23,"column":2},"end":{"line":27,"column":null}},"3":{"start":{"line":24,"column":4},"end":{"line":24,"column":18}},"4":{"start":{"line":26,"column":4},"end":{"line":26,"column":48}},"5":{"start":{"line":16,"column":13},"end":{"line":16,"column":26}},"6":{"start":{"line":42,"column":29},"end":{"line":54,"column":1}},"7":{"start":{"line":49,"column":2},"end":{"line":53,"column":null}},"8":{"start":{"line":50,"column":4},"end":{"line":50,"column":18}},"9":{"start":{"line":52,"column":4},"end":{"line":52,"column":47}},"10":{"start":{"line":42,"column":13},"end":{"line":42,"column":29}}},"fnMap":{"0":{"name":"(anonymous_0)","decl":{"start":{"line":16,"column":26},"end":{"line":16,"column":null}},"loc":{"start":{"line":20,"column":4},"end":{"line":28,"column":1}}},"1":{"name":"(anonymous_1)","decl":{"start":{"line":42,"column":29},"end":{"line":42,"column":null}},"loc":{"start":{"line":46,"column":4},"end":{"line":54,"column":1}}}},"branchMap":{"0":{"loc":{"start":{"line":23,"column":2},"end":{"line":27,"column":null}},"type":"if","locations":[{"start":{"line":23,"column":2},"end":{"line":27,"column":null}},{"start":{"line":25,"column":9},"end":{"line":27,"column":null}}]},"1":{"loc":{"start":{"line":49,"column":2},"end":{"line":53,"column":null}},"type":"if","locations":[{"start":{"line":49,"column":2},"end":{"line":53,"column":null}},{"start":{"line":51,"column":9},"end":{"line":53,"column":null}}]}},"s":{"0":1,"1":1,"2":0,"3":0,"4":0,"5":1,"6":1,"7":0,"8":0,"9":0,"10":1},"f":{"0":0,"1":0},"b":{"0":[0,0],"1":[0,0]}}
}
