{"/app/src/app.ts": {"path":"/app/src/app.ts","statementMap":{"0":{"start":{"line":1,"column":0},"end":{"line":1,"column":24}},"1":{"start":{"line":2,"column":0},"end":{"line":2,"column":67}},"2":{"start":{"line":3,"column":0},"end":{"line":3,"column":28}},"3":{"start":{"line":4,"column":0},"end":{"line":4,"column":30}},"4":{"start":{"line":5,"column":0},"end":{"line":5,"column":38}},"5":{"start":{"line":6,"column":0},"end":{"line":6,"column":44}},"6":{"start":{"line":7,"column":0},"end":{"line":7,"column":59}},"7":{"start":{"line":8,"column":0},"end":{"line":8,"column":57}},"8":{"start":{"line":9,"column":0},"end":{"line":9,"column":32}},"9":{"start":{"line":10,"column":0},"end":{"line":10,"column":37}},"10":{"start":{"line":12,"column":12},"end":{"line":12,"column":21}},"11":{"start":{"line":61,"column":9},"end":{"line":61,"column":12}},"12":{"start":{"line":14,"column":0},"end":{"line":14,"column":42}},"13":{"start":{"line":16,"column":0},"end":{"line":16,"column":74}},"14":{"start":{"line":18,"column":0},"end":{"line":18,"column":56}},"15":{"start":{"line":20,"column":0},"end":{"line":20,"column":24}},"16":{"start":{"line":23,"column":0},"end":{"line":23,"column":49}},"17":{"start":{"line":26,"column":0},"end":{"line":36,"column":2}},"18":{"start":{"line":39,"column":0},"end":{"line":39,"column":31}},"19":{"start":{"line":41,"column":0},"end":{"line":41,"column":28}},"20":{"start":{"line":43,"column":0},"end":{"line":43,"column":25}},"21":{"start":{"line":45,"column":0},"end":{"line":47,"column":3}},"22":{"start":{"line":46,"column":2},"end":{"line":46,"column":40}},"23":{"start":{"line":49,"column":0},"end":{"line":49,"column":23}},"24":{"start":{"line":52,"column":0},"end":{"line":54,"column":3}},"25":{"start":{"line":53,"column":2},"end":{"line":53,"column":28}},"26":{"start":{"line":57,"column":0},"end":{"line":57,"column":22}}},"fnMap":{"0":{"name":"(anonymous_1)","decl":{"start":{"line":45,"column":13},"end":{"line":45,"column":14}},"loc":{"start":{"line":45,"column":26},"end":{"line":47,"column":1}}},"1":{"name":"(anonymous_2)","decl":{"start":{"line":52,"column":13},"end":{"line":52,"column":14}},"loc":{"start":{"line":52,"column":68},"end":{"line":54,"column":1}}}},"branchMap":{"0":{"loc":{"start":{"line":14,"column":16},"end":{"line":14,"column":40}},"type":"binary-expr","locations":[{"start":{"line":14,"column":16},"end":{"line":14,"column":32}},{"start":{"line":14,"column":36},"end":{"line":14,"column":40}}]},"1":{"loc":{"start":{"line":16,"column":15},"end":{"line":16,"column":71}},"type":"cond-expr","locations":[{"start":{"line":16,"column":56},"end":{"line":16,"column":66}},{"start":{"line":16,"column":69},"end":{"line":16,"column":71}}]},"2":{"loc":{"start":{"line":30,"column":12},"end":{"line":30,"column":43}},"type":"binary-expr","locations":[{"start":{"line":30,"column":12},"end":{"line":30,"column":37}},{"start":{"line":30,"column":41},"end":{"line":30,"column":43}}]}},"s":{"0":1,"1":1,"2":1,"3":1,"4":1,"5":1,"6":1,"7":1,"8":1,"9":1,"10":1,"11":1,"12":1,"13":1,"14":1,"15":1,"16":1,"17":1,"18":1,"19":1,"20":1,"21":1,"22":0,"23":1,"24":1,"25":0,"26":1},"f":{"0":0,"1":0},"b":{"0":[1,0],"1":[0,1],"2":[1,0]}}
,"/app/src/config/AppDataSourceManager.ts": {"path":"/app/src/config/AppDataSourceManager.ts","statementMap":{"0":{"start":{"line":2,"column":0},"end":{"line":2,"column":48}},"1":{"start":{"line":23,"column":10},"end":{"line":23,"column":49}},"2":{"start":{"line":24,"column":10},"end":{"line":24,"column":73}},"3":{"start":{"line":31,"column":4},"end":{"line":33,"column":null}},"4":{"start":{"line":32,"column":6},"end":{"line":32,"column":49}},"5":{"start":{"line":34,"column":4},"end":{"line":34,"column":25}},"6":{"start":{"line":38,"column":4},"end":{"line":38,"column":27}},"7":{"start":{"line":45,"column":4},"end":{"line":47,"column":null}},"8":{"start":{"line":46,"column":6},"end":{"line":46,"column":49}},"9":{"start":{"line":48,"column":4},"end":{"line":50,"column":null}},"10":{"start":{"line":49,"column":6},"end":{"line":49,"column":39}},"11":{"start":{"line":51,"column":4},"end":{"line":53,"column":null}},"12":{"start":{"line":52,"column":6},"end":{"line":52,"column":38}},"13":{"start":{"line":66,"column":24},"end":{"line":68,"column":26}},"14":{"start":{"line":69,"column":4},"end":{"line":87,"column":null}},"15":{"start":{"line":70,"column":6},"end":{"line":70,"column":34}},"16":{"start":{"line":71,"column":23},"end":{"line":71,"column":75}},"17":{"start":{"line":73,"column":6},"end":{"line":73,"column":59}},"18":{"start":{"line":75,"column":6},"end":{"line":79,"column":null}},"19":{"start":{"line":76,"column":8},"end":{"line":76,"column":45}},"20":{"start":{"line":77,"column":8},"end":{"line":77,"column":75}},"21":{"start":{"line":78,"column":8},"end":{"line":78,"column":46}},"22":{"start":{"line":81,"column":6},"end":{"line":81,"column":46}},"23":{"start":{"line":83,"column":6},"end":{"line":85,"column":44}},"24":{"start":{"line":86,"column":6},"end":{"line":86,"column":34}},"25":{"start":{"line":91,"column":29},"end":{"line":91,"column":63}},"26":{"start":{"line":93,"column":9},"end":{"line":93,"column":29}}},"fnMap":{"0":{"name":"(anonymous_7)","decl":{"start":{"line":13,"column":0},"end":{"line":13,"column":6}},"loc":{"start":{"line":13,"column":0},"end":{"line":89,"column":1}}},"1":{"name":"(anonymous_8)","decl":{"start":{"line":30,"column":9},"end":{"line":30,"column":15}},"loc":{"start":{"line":30,"column":27},"end":{"line":35,"column":3}}},"2":{"name":"(anonymous_9)","decl":{"start":{"line":37,"column":2},"end":{"line":37,"column":15}},"loc":{"start":{"line":37,"column":15},"end":{"line":39,"column":3}}},"3":{"name":"(anonymous_10)","decl":{"start":{"line":44,"column":8},"end":{"line":44,"column":13}},"loc":{"start":{"line":44,"column":13},"end":{"line":54,"column":null}}},"4":{"name":"(anonymous_12)","decl":{"start":{"line":65,"column":8},"end":{"line":65,"column":13}},"loc":{"start":{"line":65,"column":13},"end":{"line":88,"column":null}}}},"branchMap":{"0":{"loc":{"start":{"line":31,"column":4},"end":{"line":33,"column":null}},"type":"if","locations":[{"start":{"line":31,"column":4},"end":{"line":33,"column":null}}]},"1":{"loc":{"start":{"line":45,"column":4},"end":{"line":47,"column":null}},"type":"if","locations":[{"start":{"line":45,"column":4},"end":{"line":47,"column":null}}]},"2":{"loc":{"start":{"line":45,"column":8},"end":{"line":45,"column":45}},"type":"cond-expr","locations":[{"start":{"line":45,"column":24},"end":{"line":45,"column":26}},{"start":{"line":45,"column":24},"end":{"line":45,"column":45}}]},"3":{"loc":{"start":{"line":45,"column":8},"end":{"line":45,"column":26}},"type":"binary-expr","locations":[{"start":{"line":45,"column":8},"end":{"line":45,"column":26}},{"start":{"line":45,"column":24},"end":{"line":45,"column":26}}]},"4":{"loc":{"start":{"line":48,"column":4},"end":{"line":50,"column":null}},"type":"if","locations":[{"start":{"line":48,"column":4},"end":{"line":50,"column":null}}]},"5":{"loc":{"start":{"line":51,"column":4},"end":{"line":53,"column":null}},"type":"if","locations":[{"start":{"line":51,"column":4},"end":{"line":53,"column":null}}]}},"s":{"0":3,"1":3,"2":3,"3":3,"4":3,"5":3,"6":43,"7":2,"8":0,"9":2,"10":2,"11":2,"12":2,"13":13,"14":13,"15":13,"16":13,"17":13,"18":13,"19":91,"20":91,"21":91,"22":0,"23":13,"24":13,"25":3,"26":3},"f":{"0":3,"1":3,"2":43,"3":2,"4":13},"b":{"0":[3],"1":[0],"2":[0,2],"3":[2,2],"4":[2],"5":[2]}}
,"/app/src/config/AppDatasource.ts": {"path":"/app/src/config/AppDatasource.ts","statementMap":{"0":{"start":{"line":1,"column":0},"end":{"line":1,"column":37}},"1":{"start":{"line":2,"column":0},"end":{"line":2,"column":37}},"2":{"start":{"line":4,"column":13},"end":{"line":4,"column":52}}},"fnMap":{},"branchMap":{},"s":{"0":3,"1":3,"2":3},"f":{},"b":{}}
,"/app/src/config/ormconfig.ts": {"path":"/app/src/config/ormconfig.ts","statementMap":{"0":{"start":{"line":3,"column":34},"end":{"line":15,"column":2}},"1":{"start":{"line":17,"column":9},"end":{"line":17,"column":15}}},"fnMap":{},"branchMap":{"0":{"loc":{"start":{"line":11,"column":11},"end":{"line":11,"column":57}},"type":"cond-expr","locations":[{"start":{"line":11,"column":45},"end":{"line":11,"column":50}},{"start":{"line":11,"column":53},"end":{"line":11,"column":57}}]},"1":{"loc":{"start":{"line":12,"column":13},"end":{"line":12,"column":42}},"type":"binary-expr","locations":[{"start":{"line":12,"column":13},"end":{"line":12,"column":36}},{"start":{"line":12,"column":40},"end":{"line":12,"column":42}}]},"2":{"loc":{"start":{"line":13,"column":15},"end":{"line":13,"column":46}},"type":"binary-expr","locations":[{"start":{"line":13,"column":15},"end":{"line":13,"column":40}},{"start":{"line":13,"column":44},"end":{"line":13,"column":46}}]},"3":{"loc":{"start":{"line":14,"column":16},"end":{"line":14,"column":48}},"type":"binary-expr","locations":[{"start":{"line":14,"column":16},"end":{"line":14,"column":42}},{"start":{"line":14,"column":46},"end":{"line":14,"column":48}}]}},"s":{"0":3,"1":3},"f":{},"b":{"0":[3,0],"1":[3,0],"2":[3,0],"3":[3,3]}}
,"/app/src/controllers/auth/AuthController.ts": {"path":"/app/src/controllers/auth/AuthController.ts","statementMap":{"0":{"start":{"line":2,"column":0},"end":{"line":2,"column":28}},"1":{"start":{"line":3,"column":0},"end":{"line":3,"column":56}},"2":{"start":{"line":4,"column":0},"end":{"line":4,"column":46}},"3":{"start":{"line":5,"column":0},"end":{"line":5,"column":32}},"4":{"start":{"line":28,"column":38},"end":{"line":28,"column":46}},"5":{"start":{"line":31,"column":17},"end":{"line":31,"column":59}},"6":{"start":{"line":34,"column":4},"end":{"line":36,"column":null}},"7":{"start":{"line":35,"column":6},"end":{"line":35,"column":48}},"8":{"start":{"line":39,"column":27},"end":{"line":39,"column":58}},"9":{"start":{"line":42,"column":4},"end":{"line":46,"column":7}},"10":{"start":{"line":49,"column":4},"end":{"line":49,"column":43}},"11":{"start":{"line":65,"column":4},"end":{"line":85,"column":16}},"12":{"start":{"line":68,"column":8},"end":{"line":71,"column":null}},"13":{"start":{"line":69,"column":10},"end":{"line":69,"column":35}},"14":{"start":{"line":70,"column":10},"end":{"line":70,"column":53}},"15":{"start":{"line":73,"column":8},"end":{"line":76,"column":null}},"16":{"start":{"line":74,"column":10},"end":{"line":74,"column":30}},"17":{"start":{"line":75,"column":10},"end":{"line":75,"column":48}},"18":{"start":{"line":78,"column":8},"end":{"line":83,"column":11}},"19":{"start":{"line":79,"column":10},"end":{"line":81,"column":null}},"20":{"start":{"line":80,"column":12},"end":{"line":80,"column":48}},"21":{"start":{"line":82,"column":10},"end":{"line":82,"column":51}},"22":{"start":{"line":100,"column":4},"end":{"line":104,"column":7}},"23":{"start":{"line":101,"column":6},"end":{"line":103,"column":null}},"24":{"start":{"line":102,"column":8},"end":{"line":102,"column":39}},"25":{"start":{"line":105,"column":4},"end":{"line":110,"column":7}},"26":{"start":{"line":106,"column":6},"end":{"line":108,"column":null}},"27":{"start":{"line":107,"column":8},"end":{"line":107,"column":39}},"28":{"start":{"line":109,"column":6},"end":{"line":109,"column":49}},"29":{"start":{"line":114,"column":4},"end":{"line":114,"column":39}},"30":{"start":{"line":14,"column":0},"end":{"line":14,"column":13}}},"fnMap":{"0":{"name":"(anonymous_8)","decl":{"start":{"line":26,"column":8},"end":{"line":26,"column":14}},"loc":{"start":{"line":26,"column":42},"end":{"line":50,"column":null}}},"1":{"name":"(anonymous_10)","decl":{"start":{"line":63,"column":8},"end":{"line":63,"column":13}},"loc":{"start":{"line":63,"column":41},"end":{"line":86,"column":null}}},"2":{"name":"(anonymous_12)","decl":{"start":{"line":67,"column":6},"end":{"line":67,"column":7}},"loc":{"start":{"line":67,"column":65},"end":{"line":84,"column":7}}},"3":{"name":"(anonymous_13)","decl":{"start":{"line":78,"column":31},"end":{"line":78,"column":32}},"loc":{"start":{"line":78,"column":46},"end":{"line":83,"column":9}}},"4":{"name":"(anonymous_14)","decl":{"start":{"line":99,"column":8},"end":{"line":99,"column":14}},"loc":{"start":{"line":99,"column":42},"end":{"line":111,"column":null}}},"5":{"name":"(anonymous_16)","decl":{"start":{"line":100,"column":15},"end":{"line":100,"column":16}},"loc":{"start":{"line":100,"column":25},"end":{"line":104,"column":5}}},"6":{"name":"(anonymous_17)","decl":{"start":{"line":105,"column":24},"end":{"line":105,"column":25}},"loc":{"start":{"line":105,"column":34},"end":{"line":110,"column":5}}},"7":{"name":"(anonymous_18)","decl":{"start":{"line":113,"column":8},"end":{"line":113,"column":18}},"loc":{"start":{"line":113,"column":46},"end":{"line":115,"column":null}}}},"branchMap":{"0":{"loc":{"start":{"line":34,"column":4},"end":{"line":36,"column":null}},"type":"if","locations":[{"start":{"line":34,"column":4},"end":{"line":36,"column":null}}]},"1":{"loc":{"start":{"line":68,"column":8},"end":{"line":71,"column":null}},"type":"if","locations":[{"start":{"line":68,"column":8},"end":{"line":71,"column":null}}]},"2":{"loc":{"start":{"line":73,"column":8},"end":{"line":76,"column":null}},"type":"if","locations":[{"start":{"line":73,"column":8},"end":{"line":76,"column":null}}]},"3":{"loc":{"start":{"line":79,"column":10},"end":{"line":81,"column":null}},"type":"if","locations":[{"start":{"line":79,"column":10},"end":{"line":81,"column":null}}]},"4":{"loc":{"start":{"line":101,"column":6},"end":{"line":103,"column":null}},"type":"if","locations":[{"start":{"line":101,"column":6},"end":{"line":103,"column":null}}]},"5":{"loc":{"start":{"line":106,"column":6},"end":{"line":108,"column":null}},"type":"if","locations":[{"start":{"line":106,"column":6},"end":{"line":108,"column":null}}]}},"s":{"0":2,"1":2,"2":2,"3":2,"4":2,"5":2,"6":2,"7":1,"8":1,"9":1,"10":1,"11":5,"12":5,"13":1,"14":1,"15":4,"16":2,"17":2,"18":2,"19":2,"20":1,"21":1,"22":2,"23":1,"24":1,"25":1,"26":1,"27":0,"28":1,"29":0,"30":2},"f":{"0":2,"1":5,"2":5,"3":2,"4":2,"5":1,"6":1,"7":0},"b":{"0":[1],"1":[1],"2":[2],"3":[1],"4":[1],"5":[0]}}
,"/app/src/entities/BaseDate.ts": {"path":"/app/src/entities/BaseDate.ts","statementMap":{"0":{"start":{"line":1,"column":0},"end":{"line":1,"column":79}},"1":{"start":{"line":3,"column":0},"end":{"line":3,"column":22}},"2":{"start":{"line":5,"column":2},"end":{"line":5,"column":null}},"3":{"start":{"line":8,"column":2},"end":{"line":8,"column":null}},"4":{"start":{"line":11,"column":2},"end":{"line":11,"column":null}}},"fnMap":{},"branchMap":{},"s":{"0":3,"1":3,"2":3,"3":3,"4":3},"f":{},"b":{}}
,"/app/src/entities/Hashtag.ts": {"path":"/app/src/entities/Hashtag.ts","statementMap":{"0":{"start":{"line":1,"column":0},"end":{"line":1,"column":null}},"1":{"start":{"line":8,"column":0},"end":{"line":8,"column":38}},"2":{"start":{"line":9,"column":0},"end":{"line":9,"column":30}},"3":{"start":{"line":12,"column":20},"end":{"line":22,"column":null}},"4":{"start":{"line":14,"column":2},"end":{"line":14,"column":null}},"5":{"start":{"line":17,"column":2},"end":{"line":17,"column":null}},"6":{"start":{"line":21,"column":2},"end":{"line":21,"column":null}},"7":{"start":{"line":19,"column":20},"end":{"line":19,"column":24}},"8":{"start":{"line":19,"column":36},"end":{"line":19,"column":43}},"9":{"start":{"line":12,"column":13},"end":{"line":22,"column":null}}},"fnMap":{"0":{"name":"(anonymous_2)","decl":{"start":{"line":19,"column":14},"end":{"line":19,"column":17}},"loc":{"start":{"line":19,"column":20},"end":{"line":19,"column":24}}},"1":{"name":"(anonymous_3)","decl":{"start":{"line":19,"column":26},"end":{"line":19,"column":27}},"loc":{"start":{"line":19,"column":36},"end":{"line":19,"column":43}}}},"branchMap":{},"s":{"0":3,"1":3,"2":3,"3":3,"4":3,"5":3,"6":3,"7":2,"8":2,"9":3},"f":{"0":2,"1":2},"b":{}}
,"/app/src/entities/Post.ts": {"path":"/app/src/entities/Post.ts","statementMap":{"0":{"start":{"line":1,"column":0},"end":{"line":1,"column":null}},"1":{"start":{"line":10,"column":0},"end":{"line":10,"column":38}},"2":{"start":{"line":11,"column":0},"end":{"line":11,"column":30}},"3":{"start":{"line":12,"column":0},"end":{"line":12,"column":36}},"4":{"start":{"line":15,"column":17},"end":{"line":46,"column":null}},"5":{"start":{"line":17,"column":2},"end":{"line":17,"column":null}},"6":{"start":{"line":20,"column":2},"end":{"line":20,"column":null}},"7":{"start":{"line":23,"column":2},"end":{"line":23,"column":null}},"8":{"start":{"line":27,"column":2},"end":{"line":27,"column":null}},"9":{"start":{"line":25,"column":19},"end":{"line":25,"column":23}},"10":{"start":{"line":25,"column":35},"end":{"line":25,"column":42}},"11":{"start":{"line":31,"column":2},"end":{"line":31,"column":null}},"12":{"start":{"line":29,"column":20},"end":{"line":29,"column":27}},"13":{"start":{"line":29,"column":43},"end":{"line":29,"column":54}},"14":{"start":{"line":45,"column":2},"end":{"line":45,"column":null}},"15":{"start":{"line":33,"column":20},"end":{"line":33,"column":24}},"16":{"start":{"line":33,"column":36},"end":{"line":33,"column":43}},"17":{"start":{"line":15,"column":13},"end":{"line":46,"column":null}}},"fnMap":{"0":{"name":"(anonymous_2)","decl":{"start":{"line":25,"column":13},"end":{"line":25,"column":16}},"loc":{"start":{"line":25,"column":19},"end":{"line":25,"column":23}}},"1":{"name":"(anonymous_3)","decl":{"start":{"line":25,"column":25},"end":{"line":25,"column":26}},"loc":{"start":{"line":25,"column":35},"end":{"line":25,"column":42}}},"2":{"name":"(anonymous_4)","decl":{"start":{"line":29,"column":14},"end":{"line":29,"column":17}},"loc":{"start":{"line":29,"column":20},"end":{"line":29,"column":27}}},"3":{"name":"(anonymous_5)","decl":{"start":{"line":29,"column":29},"end":{"line":29,"column":30}},"loc":{"start":{"line":29,"column":43},"end":{"line":29,"column":54}}},"4":{"name":"(anonymous_6)","decl":{"start":{"line":33,"column":14},"end":{"line":33,"column":17}},"loc":{"start":{"line":33,"column":20},"end":{"line":33,"column":24}}},"5":{"name":"(anonymous_7)","decl":{"start":{"line":33,"column":26},"end":{"line":33,"column":27}},"loc":{"start":{"line":33,"column":36},"end":{"line":33,"column":43}}}},"branchMap":{},"s":{"0":3,"1":3,"2":3,"3":3,"4":3,"5":3,"6":3,"7":3,"8":3,"9":2,"10":2,"11":3,"12":2,"13":2,"14":3,"15":2,"16":2,"17":3},"f":{"0":2,"1":2,"2":2,"3":2,"4":2,"5":2},"b":{}}
,"/app/src/entities/User.ts": {"path":"/app/src/entities/User.ts","statementMap":{"0":{"start":{"line":1,"column":0},"end":{"line":1,"column":null}},"1":{"start":{"line":8,"column":0},"end":{"line":8,"column":38}},"2":{"start":{"line":9,"column":0},"end":{"line":9,"column":30}},"3":{"start":{"line":12,"column":17},"end":{"line":62,"column":null}},"4":{"start":{"line":14,"column":2},"end":{"line":14,"column":null}},"5":{"start":{"line":17,"column":2},"end":{"line":17,"column":null}},"6":{"start":{"line":20,"column":2},"end":{"line":20,"column":null}},"7":{"start":{"line":23,"column":2},"end":{"line":23,"column":null}},"8":{"start":{"line":26,"column":2},"end":{"line":26,"column":null}},"9":{"start":{"line":29,"column":2},"end":{"line":29,"column":null}},"10":{"start":{"line":39,"column":2},"end":{"line":39,"column":null}},"11":{"start":{"line":31,"column":20},"end":{"line":31,"column":24}},"12":{"start":{"line":31,"column":36},"end":{"line":31,"column":50}},"13":{"start":{"line":47,"column":2},"end":{"line":47,"column":null}},"14":{"start":{"line":41,"column":20},"end":{"line":41,"column":24}},"15":{"start":{"line":41,"column":36},"end":{"line":41,"column":51}},"16":{"start":{"line":61,"column":2},"end":{"line":61,"column":null}},"17":{"start":{"line":49,"column":20},"end":{"line":49,"column":24}},"18":{"start":{"line":49,"column":36},"end":{"line":49,"column":43}},"19":{"start":{"line":12,"column":13},"end":{"line":62,"column":null}}},"fnMap":{"0":{"name":"(anonymous_2)","decl":{"start":{"line":31,"column":14},"end":{"line":31,"column":17}},"loc":{"start":{"line":31,"column":20},"end":{"line":31,"column":24}}},"1":{"name":"(anonymous_3)","decl":{"start":{"line":31,"column":26},"end":{"line":31,"column":27}},"loc":{"start":{"line":31,"column":36},"end":{"line":31,"column":50}}},"2":{"name":"(anonymous_4)","decl":{"start":{"line":41,"column":14},"end":{"line":41,"column":17}},"loc":{"start":{"line":41,"column":20},"end":{"line":41,"column":24}}},"3":{"name":"(anonymous_5)","decl":{"start":{"line":41,"column":26},"end":{"line":41,"column":27}},"loc":{"start":{"line":41,"column":36},"end":{"line":41,"column":51}}},"4":{"name":"(anonymous_6)","decl":{"start":{"line":49,"column":14},"end":{"line":49,"column":17}},"loc":{"start":{"line":49,"column":20},"end":{"line":49,"column":24}}},"5":{"name":"(anonymous_7)","decl":{"start":{"line":49,"column":26},"end":{"line":49,"column":27}},"loc":{"start":{"line":49,"column":36},"end":{"line":49,"column":43}}}},"branchMap":{},"s":{"0":3,"1":3,"2":3,"3":3,"4":3,"5":3,"6":3,"7":3,"8":3,"9":3,"10":3,"11":2,"12":2,"13":3,"14":2,"15":2,"16":3,"17":2,"18":2,"19":3},"f":{"0":2,"1":2,"2":2,"3":2,"4":2,"5":2},"b":{}}
,"/app/src/errors/common-error.ts": {"path":"/app/src/errors/common-error.ts","statementMap":{"0":{"start":{"line":1,"column":0},"end":{"line":1,"column":22}}},"fnMap":{},"branchMap":{},"s":{"0":2},"f":{},"b":{}}
,"/app/src/errors/conflict-error.ts": {"path":"/app/src/errors/conflict-error.ts","statementMap":{"0":{"start":{"line":1,"column":0},"end":{"line":1,"column":45}},"1":{"start":{"line":8,"column":4},"end":{"line":8,"column":12}},"2":{"start":{"line":7,"column":22},"end":{"line":7,"column":34}},"3":{"start":{"line":4,"column":2},"end":{"line":4,"column":27}},"4":{"start":{"line":5,"column":2},"end":{"line":5,"column":29}},"5":{"start":{"line":9,"column":4},"end":{"line":9,"column":32}},"6":{"start":{"line":9,"column":13},"end":{"line":9,"column":32}},"7":{"start":{"line":13,"column":4},"end":{"line":13,"column":39}},"8":{"start":{"line":3,"column":0},"end":{"line":3,"column":13}}},"fnMap":{"0":{"name":"(anonymous_0)","decl":{"start":{"line":7,"column":2},"end":{"line":7,"column":22}},"loc":{"start":{"line":7,"column":34},"end":{"line":10,"column":3}}},"1":{"name":"(anonymous_1)","decl":{"start":{"line":12,"column":2},"end":{"line":12,"column":17}},"loc":{"start":{"line":12,"column":17},"end":{"line":14,"column":3}}}},"branchMap":{"0":{"loc":{"start":{"line":9,"column":4},"end":{"line":9,"column":32}},"type":"if","locations":[{"start":{"line":9,"column":4},"end":{"line":9,"column":32}}]}},"s":{"0":2,"1":4,"2":4,"3":4,"4":4,"5":4,"6":4,"7":0,"8":2},"f":{"0":4,"1":0},"b":{"0":[4]}}
,"/app/src/errors/forbidden-error.ts": {"path":"/app/src/errors/forbidden-error.ts","statementMap":{"0":{"start":{"line":1,"column":0},"end":{"line":1,"column":45}},"1":{"start":{"line":7,"column":4},"end":{"line":7,"column":12}},"2":{"start":{"line":6,"column":22},"end":{"line":6,"column":34}},"3":{"start":{"line":4,"column":2},"end":{"line":4,"column":38}},"4":{"start":{"line":5,"column":2},"end":{"line":5,"column":27}},"5":{"start":{"line":8,"column":4},"end":{"line":10,"column":null}},"6":{"start":{"line":9,"column":6},"end":{"line":9,"column":25}},"7":{"start":{"line":14,"column":4},"end":{"line":18,"column":6}},"8":{"start":{"line":3,"column":0},"end":{"line":3,"column":13}}},"fnMap":{"0":{"name":"(anonymous_0)","decl":{"start":{"line":6,"column":2},"end":{"line":6,"column":22}},"loc":{"start":{"line":6,"column":34},"end":{"line":11,"column":3}}},"1":{"name":"(anonymous_1)","decl":{"start":{"line":13,"column":2},"end":{"line":13,"column":17}},"loc":{"start":{"line":13,"column":17},"end":{"line":19,"column":3}}}},"branchMap":{"0":{"loc":{"start":{"line":8,"column":4},"end":{"line":10,"column":null}},"type":"if","locations":[{"start":{"line":8,"column":4},"end":{"line":10,"column":null}}]}},"s":{"0":1,"1":0,"2":0,"3":0,"4":0,"5":0,"6":0,"7":0,"8":1},"f":{"0":0,"1":0},"b":{"0":[0]}}
,"/app/src/errors/not-found-error.ts": {"path":"/app/src/errors/not-found-error.ts","statementMap":{"0":{"start":{"line":1,"column":0},"end":{"line":1,"column":45}},"1":{"start":{"line":7,"column":4},"end":{"line":7,"column":12}},"2":{"start":{"line":4,"column":2},"end":{"line":4,"column":29}},"3":{"start":{"line":5,"column":2},"end":{"line":5,"column":27}},"4":{"start":{"line":11,"column":4},"end":{"line":15,"column":6}},"5":{"start":{"line":3,"column":0},"end":{"line":3,"column":13}}},"fnMap":{"0":{"name":"(anonymous_0)","decl":{"start":{"line":6,"column":2},"end":{"line":6,"column":null}},"loc":{"start":{"line":6,"column":2},"end":{"line":8,"column":3}}},"1":{"name":"(anonymous_1)","decl":{"start":{"line":10,"column":2},"end":{"line":10,"column":17}},"loc":{"start":{"line":10,"column":17},"end":{"line":16,"column":3}}}},"branchMap":{},"s":{"0":1,"1":0,"2":0,"3":0,"4":0,"5":1},"f":{"0":0,"1":0},"b":{}}
,"/app/src/errors/request-validation-error.ts": {"path":"/app/src/errors/request-validation-error.ts","statementMap":{"0":{"start":{"line":2,"column":0},"end":{"line":2,"column":45}},"1":{"start":{"line":7,"column":4},"end":{"line":7,"column":12}},"2":{"start":{"line":6,"column":21},"end":{"line":6,"column":46}},"3":{"start":{"line":5,"column":2},"end":{"line":5,"column":19}},"4":{"start":{"line":11,"column":4},"end":{"line":16,"column":7}},"5":{"start":{"line":12,"column":6},"end":{"line":14,"column":null}},"6":{"start":{"line":13,"column":8},"end":{"line":13,"column":53}},"7":{"start":{"line":15,"column":6},"end":{"line":15,"column":34}},"8":{"start":{"line":4,"column":0},"end":{"line":4,"column":13}}},"fnMap":{"0":{"name":"(anonymous_0)","decl":{"start":{"line":6,"column":2},"end":{"line":6,"column":21}},"loc":{"start":{"line":6,"column":46},"end":{"line":8,"column":3}}},"1":{"name":"(anonymous_1)","decl":{"start":{"line":10,"column":2},"end":{"line":10,"column":17}},"loc":{"start":{"line":10,"column":17},"end":{"line":17,"column":3}}},"2":{"name":"(anonymous_2)","decl":{"start":{"line":11,"column":27},"end":{"line":11,"column":28}},"loc":{"start":{"line":11,"column":35},"end":{"line":16,"column":5}}}},"branchMap":{"0":{"loc":{"start":{"line":12,"column":6},"end":{"line":14,"column":null}},"type":"if","locations":[{"start":{"line":12,"column":6},"end":{"line":14,"column":null}}]}},"s":{"0":1,"1":9,"2":9,"3":9,"4":9,"5":11,"6":11,"7":0,"8":1},"f":{"0":9,"1":9,"2":11},"b":{"0":[11]}}
,"/app/src/middlewares/autentication.ts": {"path":"/app/src/middlewares/autentication.ts","statementMap":{"0":{"start":{"line":1,"column":0},"end":{"line":1,"column":58}},"1":{"start":{"line":16,"column":26},"end":{"line":28,"column":1}},"2":{"start":{"line":23,"column":2},"end":{"line":27,"column":null}},"3":{"start":{"line":24,"column":4},"end":{"line":24,"column":18}},"4":{"start":{"line":26,"column":4},"end":{"line":26,"column":48}},"5":{"start":{"line":16,"column":13},"end":{"line":16,"column":26}},"6":{"start":{"line":42,"column":29},"end":{"line":54,"column":1}},"7":{"start":{"line":49,"column":2},"end":{"line":53,"column":null}},"8":{"start":{"line":50,"column":4},"end":{"line":50,"column":18}},"9":{"start":{"line":52,"column":4},"end":{"line":52,"column":47}},"10":{"start":{"line":42,"column":13},"end":{"line":42,"column":29}}},"fnMap":{"0":{"name":"(anonymous_0)","decl":{"start":{"line":16,"column":26},"end":{"line":16,"column":null}},"loc":{"start":{"line":20,"column":4},"end":{"line":28,"column":1}}},"1":{"name":"(anonymous_1)","decl":{"start":{"line":42,"column":29},"end":{"line":42,"column":null}},"loc":{"start":{"line":46,"column":4},"end":{"line":54,"column":1}}}},"branchMap":{"0":{"loc":{"start":{"line":23,"column":2},"end":{"line":27,"column":null}},"type":"if","locations":[{"start":{"line":23,"column":2},"end":{"line":27,"column":null}},{"start":{"line":25,"column":9},"end":{"line":27,"column":null}}]},"1":{"loc":{"start":{"line":49,"column":2},"end":{"line":53,"column":null}},"type":"if","locations":[{"start":{"line":49,"column":2},"end":{"line":53,"column":null}},{"start":{"line":51,"column":9},"end":{"line":53,"column":null}}]}},"s":{"0":1,"1":1,"2":0,"3":0,"4":0,"5":1,"6":1,"7":9,"8":9,"9":0,"10":1},"f":{"0":0,"1":9},"b":{"0":[0,0],"1":[9,0]}}
,"/app/src/middlewares/error-handler.ts": {"path":"/app/src/middlewares/error-handler.ts","statementMap":{"0":{"start":{"line":1,"column":0},"end":{"line":1,"column":52}},"1":{"start":{"line":17,"column":28},"end":{"line":34,"column":1}},"2":{"start":{"line":24,"column":2},"end":{"line":28,"column":null}},"3":{"start":{"line":27,"column":4},"end":{"line":27,"column":66}},"4":{"start":{"line":31,"column":2},"end":{"line":33,"column":5}},"5":{"start":{"line":17,"column":13},"end":{"line":17,"column":28}}},"fnMap":{"0":{"name":"(anonymous_0)","decl":{"start":{"line":17,"column":28},"end":{"line":17,"column":null}},"loc":{"start":{"line":22,"column":4},"end":{"line":34,"column":1}}}},"branchMap":{"0":{"loc":{"start":{"line":24,"column":2},"end":{"line":28,"column":null}},"type":"if","locations":[{"start":{"line":24,"column":2},"end":{"line":28,"column":null}}]}},"s":{"0":1,"1":1,"2":9,"3":9,"4":0,"5":1},"f":{"0":9},"b":{"0":[9]}}
,"/app/src/middlewares/error-validation.ts": {"path":"/app/src/middlewares/error-validation.ts","statementMap":{"0":{"start":{"line":1,"column":0},"end":{"line":1,"column":75}},"1":{"start":{"line":3,"column":0},"end":{"line":3,"column":53}},"2":{"start":{"line":5,"column":31},"end":{"line":17,"column":1}},"3":{"start":{"line":10,"column":17},"end":{"line":10,"column":38}},"4":{"start":{"line":12,"column":2},"end":{"line":14,"column":null}},"5":{"start":{"line":13,"column":4},"end":{"line":13,"column":53}},"6":{"start":{"line":16,"column":2},"end":{"line":16,"column":16}},"7":{"start":{"line":5,"column":13},"end":{"line":5,"column":31}}},"fnMap":{"0":{"name":"(anonymous_0)","decl":{"start":{"line":5,"column":31},"end":{"line":5,"column":null}},"loc":{"start":{"line":9,"column":4},"end":{"line":17,"column":1}}}},"branchMap":{"0":{"loc":{"start":{"line":12,"column":2},"end":{"line":14,"column":null}},"type":"if","locations":[{"start":{"line":12,"column":2},"end":{"line":14,"column":null}}]}},"s":{"0":1,"1":1,"2":1,"3":9,"4":9,"5":9,"6":0,"7":1},"f":{"0":9},"b":{"0":[9]}}
,"/app/src/passport/index.ts": {"path":"/app/src/passport/index.ts","statementMap":{"0":{"start":{"line":2,"column":0},"end":{"line":2,"column":40}},"1":{"start":{"line":3,"column":0},"end":{"line":3,"column":40}},"2":{"start":{"line":4,"column":0},"end":{"line":4,"column":46}},"3":{"start":{"line":7,"column":51},"end":{"line":7,"column":53}},"4":{"start":{"line":8,"column":30},"end":{"line":38,"column":1}},"5":{"start":{"line":10,"column":2},"end":{"line":13,"column":5}},"6":{"start":{"line":12,"column":4},"end":{"line":12,"column":31}},"7":{"start":{"line":16,"column":2},"end":{"line":34,"column":5}},"8":{"start":{"line":16,"column":58},"end":{"line":34,"column":4}},"9":{"start":{"line":18,"column":4},"end":{"line":33,"column":null}},"10":{"start":{"line":19,"column":6},"end":{"line":21,"column":null}},"11":{"start":{"line":20,"column":8},"end":{"line":20,"column":43}},"12":{"start":{"line":23,"column":19},"end":{"line":23,"column":49}},"13":{"start":{"line":25,"column":6},"end":{"line":25,"column":36}},"14":{"start":{"line":27,"column":6},"end":{"line":27,"column":30}},"15":{"start":{"line":29,"column":6},"end":{"line":32,"column":null}},"16":{"start":{"line":31,"column":8},"end":{"line":31,"column":39}},"17":{"start":{"line":36,"column":2},"end":{"line":36,"column":18}},"18":{"start":{"line":37,"column":2},"end":{"line":37,"column":18}},"19":{"start":{"line":8,"column":13},"end":{"line":8,"column":30}}},"fnMap":{"0":{"name":"(anonymous_7)","decl":{"start":{"line":8,"column":30},"end":{"line":8,"column":31}},"loc":{"start":{"line":8,"column":59},"end":{"line":38,"column":1}}},"1":{"name":"(anonymous_8)","decl":{"start":{"line":10,"column":25},"end":{"line":10,"column":26}},"loc":{"start":{"line":10,"column":60},"end":{"line":13,"column":3}}},"2":{"name":"(anonymous_9)","decl":{"start":{"line":16,"column":39},"end":{"line":16,"column":46}},"loc":{"start":{"line":16,"column":58},"end":{"line":34,"column":4}}},"3":{"name":"(anonymous_10)","decl":{"start":{"line":16,"column":58},"end":{"line":16,"column":null}},"loc":{"start":{"line":16,"column":58},"end":{"line":34,"column":3}}}},"branchMap":{"0":{"loc":{"start":{"line":19,"column":6},"end":{"line":21,"column":null}},"type":"if","locations":[{"start":{"line":19,"column":6},"end":{"line":21,"column":null}}]},"1":{"loc":{"start":{"line":29,"column":6},"end":{"line":32,"column":null}},"type":"if","locations":[{"start":{"line":29,"column":6},"end":{"line":32,"column":null}}]}},"s":{"0":1,"1":1,"2":1,"3":1,"4":1,"5":1,"6":0,"7":1,"8":0,"9":0,"10":0,"11":0,"12":0,"13":0,"14":0,"15":0,"16":0,"17":1,"18":1,"19":1},"f":{"0":1,"1":0,"2":0,"3":0},"b":{"0":[0],"1":[0]}}
,"/app/src/passport/kakaoStrategy.ts": {"path":"/app/src/passport/kakaoStrategy.ts","statementMap":{"0":{"start":{"line":1,"column":0},"end":{"line":1,"column":46}},"1":{"start":{"line":3,"column":0},"end":{"line":3,"column":51}},"2":{"start":{"line":5,"column":21},"end":{"line":39,"column":1}},"3":{"start":{"line":6,"column":2},"end":{"line":38,"column":4}},"4":{"start":{"line":17,"column":10},"end":{"line":36,"column":null}},"5":{"start":{"line":18,"column":8},"end":{"line":35,"column":null}},"6":{"start":{"line":19,"column":23},"end":{"line":19,"column":71}},"7":{"start":{"line":21,"column":10},"end":{"line":23,"column":null}},"8":{"start":{"line":22,"column":12},"end":{"line":22,"column":36}},"9":{"start":{"line":25,"column":26},"end":{"line":30,"column":12}},"10":{"start":{"line":32,"column":10},"end":{"line":32,"column":37}},"11":{"start":{"line":34,"column":10},"end":{"line":34,"column":29}},"12":{"start":{"line":5,"column":13},"end":{"line":5,"column":21}}},"fnMap":{"0":{"name":"(anonymous_7)","decl":{"start":{"line":5,"column":21},"end":{"line":5,"column":22}},"loc":{"start":{"line":5,"column":50},"end":{"line":39,"column":1}}},"1":{"name":"(anonymous_8)","decl":{"start":{"line":12,"column":6},"end":{"line":12,"column":null}},"loc":{"start":{"line":17,"column":10},"end":{"line":36,"column":null}}},"2":{"name":"(anonymous_9)","decl":{"start":{"line":17,"column":10},"end":{"line":17,"column":null}},"loc":{"start":{"line":17,"column":10},"end":{"line":36,"column":7}}}},"branchMap":{"0":{"loc":{"start":{"line":21,"column":10},"end":{"line":23,"column":null}},"type":"if","locations":[{"start":{"line":21,"column":10},"end":{"line":23,"column":null}}]},"1":{"loc":{"start":{"line":26,"column":19},"end":{"line":26,"column":69}},"type":"binary-expr","locations":[{"start":{"line":26,"column":19},"end":{"line":26,"column":32}},{"start":{"line":26,"column":36},"end":{"line":26,"column":69}}]}},"s":{"0":1,"1":1,"2":1,"3":1,"4":0,"5":0,"6":0,"7":0,"8":0,"9":0,"10":0,"11":0,"12":1},"f":{"0":1,"1":0,"2":0},"b":{"0":[0],"1":[0,0]}}
,"/app/src/passport/localStrategy.ts": {"path":"/app/src/passport/localStrategy.ts","statementMap":{"0":{"start":{"line":1,"column":0},"end":{"line":1,"column":49}},"1":{"start":{"line":2,"column":0},"end":{"line":2,"column":28}},"2":{"start":{"line":4,"column":0},"end":{"line":4,"column":59}},"3":{"start":{"line":13,"column":21},"end":{"line":64,"column":1}},"4":{"start":{"line":15,"column":2},"end":{"line":63,"column":4}},"5":{"start":{"line":33,"column":38},"end":{"line":61,"column":null}},"6":{"start":{"line":34,"column":8},"end":{"line":60,"column":null}},"7":{"start":{"line":36,"column":23},"end":{"line":36,"column":65}},"8":{"start":{"line":39,"column":10},"end":{"line":43,"column":null}},"9":{"start":{"line":40,"column":12},"end":{"line":42,"column":15}},"10":{"start":{"line":46,"column":25},"end":{"line":46,"column":71}},"11":{"start":{"line":49,"column":10},"end":{"line":53,"column":null}},"12":{"start":{"line":50,"column":12},"end":{"line":52,"column":15}},"13":{"start":{"line":56,"column":10},"end":{"line":56,"column":34}},"14":{"start":{"line":58,"column":10},"end":{"line":58,"column":31}},"15":{"start":{"line":59,"column":10},"end":{"line":59,"column":29}},"16":{"start":{"line":13,"column":13},"end":{"line":13,"column":21}}},"fnMap":{"0":{"name":"(anonymous_8)","decl":{"start":{"line":13,"column":21},"end":{"line":13,"column":22}},"loc":{"start":{"line":13,"column":50},"end":{"line":64,"column":1}}},"1":{"name":"(anonymous_9)","decl":{"start":{"line":33,"column":6},"end":{"line":33,"column":13}},"loc":{"start":{"line":33,"column":38},"end":{"line":61,"column":null}}},"2":{"name":"(anonymous_10)","decl":{"start":{"line":33,"column":38},"end":{"line":33,"column":null}},"loc":{"start":{"line":33,"column":38},"end":{"line":61,"column":7}}}},"branchMap":{"0":{"loc":{"start":{"line":39,"column":10},"end":{"line":43,"column":null}},"type":"if","locations":[{"start":{"line":39,"column":10},"end":{"line":43,"column":null}}]},"1":{"loc":{"start":{"line":46,"column":56},"end":{"line":46,"column":70}},"type":"cond-expr","locations":[{"start":{"line":46,"column":60},"end":{"line":46,"column":62}},{"start":{"line":46,"column":56},"end":{"line":46,"column":70}}]},"2":{"loc":{"start":{"line":46,"column":56},"end":{"line":46,"column":62}},"type":"binary-expr","locations":[{"start":{"line":46,"column":56},"end":{"line":46,"column":62}},{"start":{"line":46,"column":56},"end":{"line":46,"column":62}}]},"3":{"loc":{"start":{"line":49,"column":10},"end":{"line":53,"column":null}},"type":"if","locations":[{"start":{"line":49,"column":10},"end":{"line":53,"column":null}}]}},"s":{"0":1,"1":1,"2":1,"3":1,"4":1,"5":0,"6":0,"7":0,"8":0,"9":0,"10":0,"11":0,"12":0,"13":0,"14":0,"15":0,"16":1},"f":{"0":1,"1":0,"2":0},"b":{"0":[0],"1":[0,0],"2":[0,0],"3":[0]}}
,"/app/src/routes/auth.ts": {"path":"/app/src/routes/auth.ts","statementMap":{"0":{"start":{"line":1,"column":0},"end":{"line":1,"column":33}},"1":{"start":{"line":2,"column":0},"end":{"line":2,"column":32}},"2":{"start":{"line":3,"column":0},"end":{"line":3,"column":67}},"3":{"start":{"line":4,"column":0},"end":{"line":4,"column":72}},"4":{"start":{"line":5,"column":0},"end":{"line":5,"column":70}},"5":{"start":{"line":6,"column":0},"end":{"line":6,"column":65}},"6":{"start":{"line":9,"column":15},"end":{"line":9,"column":23}},"7":{"start":{"line":36,"column":19},"end":{"line":36,"column":23}},"8":{"start":{"line":11,"column":13},"end":{"line":11,"column":33}},"9":{"start":{"line":14,"column":0},"end":{"line":20,"column":2}},"10":{"start":{"line":21,"column":0},"end":{"line":21,"column":49}},"11":{"start":{"line":22,"column":0},"end":{"line":22,"column":48}},"12":{"start":{"line":25,"column":0},"end":{"line":25,"column":68}},"13":{"start":{"line":27,"column":0},"end":{"line":34,"column":2}}},"fnMap":{},"branchMap":{},"s":{"0":1,"1":1,"2":1,"3":1,"4":1,"5":1,"6":1,"7":1,"8":1,"9":1,"10":1,"11":1,"12":1,"13":1},"f":{},"b":{}}
,"/app/src/services/User.ts": {"path":"/app/src/services/User.ts","statementMap":{"0":{"start":{"line":1,"column":0},"end":{"line":1,"column":69}},"1":{"start":{"line":2,"column":0},"end":{"line":2,"column":39}},"2":{"start":{"line":4,"column":13},"end":{"line":6,"column":23}},"3":{"start":{"line":27,"column":4},"end":{"line":52,"column":null}},"4":{"start":{"line":28,"column":6},"end":{"line":48,"column":null}},"5":{"start":{"line":29,"column":23},"end":{"line":31,"column":19}},"6":{"start":{"line":33,"column":8},"end":{"line":33,"column":22}},"7":{"start":{"line":35,"column":23},"end":{"line":45,"column":19}},"8":{"start":{"line":47,"column":8},"end":{"line":47,"column":22}},"9":{"start":{"line":50,"column":6},"end":{"line":50,"column":25}},"10":{"start":{"line":51,"column":6},"end":{"line":51,"column":65}},"11":{"start":{"line":51,"column":34},"end":{"line":51,"column":65}},"12":{"start":{"line":71,"column":4},"end":{"line":96,"column":null}},"13":{"start":{"line":72,"column":6},"end":{"line":92,"column":null}},"14":{"start":{"line":73,"column":23},"end":{"line":75,"column":19}},"15":{"start":{"line":77,"column":8},"end":{"line":77,"column":22}},"16":{"start":{"line":79,"column":23},"end":{"line":89,"column":19}},"17":{"start":{"line":91,"column":8},"end":{"line":91,"column":22}},"18":{"start":{"line":94,"column":6},"end":{"line":94,"column":25}},"19":{"start":{"line":95,"column":6},"end":{"line":95,"column":65}},"20":{"start":{"line":95,"column":34},"end":{"line":95,"column":65}},"21":{"start":{"line":122,"column":4},"end":{"line":149,"column":null}},"22":{"start":{"line":123,"column":6},"end":{"line":145,"column":null}},"23":{"start":{"line":124,"column":23},"end":{"line":127,"column":19}},"24":{"start":{"line":129,"column":8},"end":{"line":129,"column":22}},"25":{"start":{"line":131,"column":23},"end":{"line":142,"column":19}},"26":{"start":{"line":144,"column":8},"end":{"line":144,"column":22}},"27":{"start":{"line":147,"column":6},"end":{"line":147,"column":25}},"28":{"start":{"line":148,"column":6},"end":{"line":148,"column":65}},"29":{"start":{"line":148,"column":34},"end":{"line":148,"column":65}},"30":{"start":{"line":171,"column":4},"end":{"line":182,"column":null}},"31":{"start":{"line":172,"column":21},"end":{"line":176,"column":18}},"32":{"start":{"line":178,"column":6},"end":{"line":178,"column":20}},"33":{"start":{"line":180,"column":6},"end":{"line":180,"column":25}},"34":{"start":{"line":181,"column":6},"end":{"line":181,"column":65}},"35":{"start":{"line":181,"column":34},"end":{"line":181,"column":65}},"36":{"start":{"line":204,"column":4},"end":{"line":215,"column":null}},"37":{"start":{"line":205,"column":21},"end":{"line":209,"column":18}},"38":{"start":{"line":211,"column":6},"end":{"line":211,"column":20}},"39":{"start":{"line":213,"column":6},"end":{"line":213,"column":25}},"40":{"start":{"line":214,"column":6},"end":{"line":214,"column":65}},"41":{"start":{"line":214,"column":34},"end":{"line":214,"column":65}},"42":{"start":{"line":219,"column":13},"end":{"line":219,"column":45}}},"fnMap":{"0":{"name":"(anonymous_7)","decl":{"start":{"line":26,"column":15},"end":{"line":26,"column":26}},"loc":{"start":{"line":26,"column":76},"end":{"line":53,"column":null}}},"1":{"name":"(anonymous_9)","decl":{"start":{"line":70,"column":15},"end":{"line":70,"column":23}},"loc":{"start":{"line":70,"column":67},"end":{"line":97,"column":null}}},"2":{"name":"(anonymous_11)","decl":{"start":{"line":117,"column":15},"end":{"line":117,"column":24}},"loc":{"start":{"line":120,"column":22},"end":{"line":150,"column":null}}},"3":{"name":"(anonymous_13)","decl":{"start":{"line":166,"column":15},"end":{"line":166,"column":21}},"loc":{"start":{"line":169,"column":49},"end":{"line":183,"column":null}}},"4":{"name":"(anonymous_15)","decl":{"start":{"line":199,"column":15},"end":{"line":199,"column":26}},"loc":{"start":{"line":202,"column":59},"end":{"line":216,"column":null}}}},"branchMap":{"0":{"loc":{"start":{"line":26,"column":49},"end":{"line":26,"column":76}},"type":"default-arg","locations":[{"start":{"line":26,"column":71},"end":{"line":26,"column":76}}]},"1":{"loc":{"start":{"line":28,"column":6},"end":{"line":48,"column":null}},"type":"if","locations":[{"start":{"line":28,"column":6},"end":{"line":48,"column":null}},{"start":{"line":34,"column":13},"end":{"line":48,"column":null}}]},"2":{"loc":{"start":{"line":51,"column":6},"end":{"line":51,"column":65}},"type":"if","locations":[{"start":{"line":51,"column":6},"end":{"line":51,"column":65}}]},"3":{"loc":{"start":{"line":70,"column":40},"end":{"line":70,"column":67}},"type":"default-arg","locations":[{"start":{"line":70,"column":62},"end":{"line":70,"column":67}}]},"4":{"loc":{"start":{"line":72,"column":6},"end":{"line":92,"column":null}},"type":"if","locations":[{"start":{"line":72,"column":6},"end":{"line":92,"column":null}},{"start":{"line":78,"column":13},"end":{"line":92,"column":null}}]},"5":{"loc":{"start":{"line":95,"column":6},"end":{"line":95,"column":65}},"type":"if","locations":[{"start":{"line":95,"column":6},"end":{"line":95,"column":65}}]},"6":{"loc":{"start":{"line":120,"column":4},"end":{"line":120,"column":22}},"type":"default-arg","locations":[{"start":{"line":120,"column":17},"end":{"line":120,"column":22}}]},"7":{"loc":{"start":{"line":123,"column":6},"end":{"line":145,"column":null}},"type":"if","locations":[{"start":{"line":123,"column":6},"end":{"line":145,"column":null}},{"start":{"line":130,"column":13},"end":{"line":145,"column":null}}]},"8":{"loc":{"start":{"line":148,"column":6},"end":{"line":148,"column":65}},"type":"if","locations":[{"start":{"line":148,"column":6},"end":{"line":148,"column":65}}]},"9":{"loc":{"start":{"line":181,"column":6},"end":{"line":181,"column":65}},"type":"if","locations":[{"start":{"line":181,"column":6},"end":{"line":181,"column":65}}]},"10":{"loc":{"start":{"line":214,"column":6},"end":{"line":214,"column":65}},"type":"if","locations":[{"start":{"line":214,"column":6},"end":{"line":214,"column":65}}]}},"s":{"0":2,"1":2,"2":2,"3":0,"4":0,"5":0,"6":0,"7":0,"8":0,"9":0,"10":0,"11":0,"12":0,"13":0,"14":0,"15":0,"16":0,"17":0,"18":0,"19":0,"20":0,"21":0,"22":0,"23":0,"24":0,"25":0,"26":0,"27":0,"28":0,"29":0,"30":0,"31":0,"32":0,"33":0,"34":0,"35":0,"36":0,"37":0,"38":0,"39":0,"40":0,"41":0,"42":2},"f":{"0":0,"1":0,"2":0,"3":0,"4":0},"b":{"0":[0],"1":[0,0],"2":[0],"3":[0],"4":[0,0],"5":[0],"6":[0],"7":[0,0],"8":[0],"9":[0],"10":[0]}}
,"/app/src/validation/auth/validationSignUp.ts": {"path":"/app/src/validation/auth/validationSignUp.ts","statementMap":{"0":{"start":{"line":1,"column":0},"end":{"line":1,"column":41}},"1":{"start":{"line":3,"column":13},"end":{"line":15,"column":2}}},"fnMap":{},"branchMap":{},"s":{"0":1,"1":1},"f":{},"b":{}}
}
