TN:
SF:src/app.ts
FN:45,(anonymous_1)
FN:52,(anonymous_2)
FNF:2
FNH:0
FNDA:0,(anonymous_1)
FNDA:0,(anonymous_2)
DA:1,1
DA:2,1
DA:3,1
DA:4,1
DA:5,1
DA:6,1
DA:7,1
DA:8,1
DA:9,1
DA:10,1
DA:12,1
DA:14,1
DA:16,1
DA:18,1
DA:20,1
DA:23,1
DA:26,1
DA:39,1
DA:41,1
DA:43,1
DA:45,1
DA:46,0
DA:49,1
DA:52,1
DA:53,0
DA:57,1
DA:61,1
LF:27
LH:25
BRDA:14,0,0,1
BRDA:14,0,1,0
BRDA:16,1,0,0
BRDA:16,1,1,1
BRDA:30,2,0,1
BRDA:30,2,1,0
BRF:6
BRH:3
end_of_record
TN:
SF:src/config/AppDataSourceManager.ts
FN:13,(anonymous_7)
FN:29,(anonymous_8)
FN:36,(anonymous_9)
FN:43,(anonymous_10)
FN:56,(anonymous_12)
FNF:5
FNH:5
FNDA:1,(anonymous_7)
FNDA:1,(anonymous_8)
FNDA:2,(anonymous_9)
FNDA:1,(anonymous_10)
FNDA:1,(anonymous_12)
DA:2,1
DA:23,1
DA:30,1
DA:31,1
DA:33,1
DA:37,2
DA:44,1
DA:58,1
DA:61,1
DA:65,1
DA:67,7
DA:69,7
DA:71,6
DA:73,4
DA:82,1
DA:84,7
DA:86,7
DA:90,1
DA:94,1
DA:96,1
LF:20
LH:20
BRDA:30,0,0,1
BRDA:69,1,0,6
BRDA:71,2,0,4
BRF:3
BRH:3
end_of_record
TN:
SF:src/config/AppDatasource.ts
FNF:0
FNH:0
DA:1,1
DA:2,1
DA:4,1
LF:3
LH:3
BRF:0
BRH:0
end_of_record
TN:
SF:src/config/ormconfig.ts
FNF:0
FNH:0
DA:3,1
DA:17,1
LF:2
LH:2
BRDA:11,0,0,1
BRDA:11,0,1,0
BRDA:12,1,0,1
BRDA:12,1,1,0
BRDA:13,2,0,1
BRDA:13,2,1,0
BRDA:14,3,0,1
BRDA:14,3,1,1
BRF:8
BRH:5
end_of_record
TN:
SF:src/controllers/auth/AuthController.ts
FN:26,(anonymous_8)
FN:63,(anonymous_10)
FN:67,(anonymous_12)
FN:78,(anonymous_13)
FN:99,(anonymous_14)
FN:100,(anonymous_16)
FN:105,(anonymous_17)
FN:113,(anonymous_18)
FNF:8
FNH:1
FNDA:1,(anonymous_8)
FNDA:0,(anonymous_10)
FNDA:0,(anonymous_12)
FNDA:0,(anonymous_13)
FNDA:0,(anonymous_14)
FNDA:0,(anonymous_16)
FNDA:0,(anonymous_17)
FNDA:0,(anonymous_18)
DA:2,1
DA:3,1
DA:4,1
DA:5,1
DA:14,1
DA:28,1
DA:31,1
DA:34,1
DA:35,0
DA:39,1
DA:42,0
DA:49,0
DA:65,0
DA:68,0
DA:69,0
DA:70,0
DA:73,0
DA:74,0
DA:75,0
DA:78,0
DA:79,0
DA:80,0
DA:82,0
DA:100,0
DA:101,0
DA:102,0
DA:105,0
DA:106,0
DA:107,0
DA:110,0
DA:114,0
LF:31
LH:9
BRDA:34,0,0,0
BRDA:68,1,0,0
BRDA:73,2,0,0
BRDA:79,3,0,0
BRDA:101,4,0,0
BRDA:106,5,0,0
BRF:6
BRH:0
end_of_record
TN:
SF:src/entities/BaseDate.ts
FNF:0
FNH:0
DA:1,1
DA:3,1
DA:5,1
DA:8,1
DA:11,1
LF:5
LH:5
BRF:0
BRH:0
end_of_record
TN:
SF:src/entities/Hashtag.ts
FN:19,(anonymous_2)
FN:19,(anonymous_3)
FNF:2
FNH:2
FNDA:1,(anonymous_2)
FNDA:1,(anonymous_3)
DA:1,1
DA:8,1
DA:9,1
DA:12,1
DA:14,1
DA:17,1
DA:19,1
DA:21,1
LF:8
LH:8
BRF:0
BRH:0
end_of_record
TN:
SF:src/entities/Post.ts
FN:25,(anonymous_2)
FN:25,(anonymous_3)
FN:29,(anonymous_4)
FN:29,(anonymous_5)
FN:33,(anonymous_6)
FN:33,(anonymous_7)
FNF:6
FNH:6
FNDA:1,(anonymous_2)
FNDA:1,(anonymous_3)
FNDA:1,(anonymous_4)
FNDA:1,(anonymous_5)
FNDA:1,(anonymous_6)
FNDA:1,(anonymous_7)
DA:1,1
DA:10,1
DA:11,1
DA:12,1
DA:15,1
DA:17,1
DA:20,1
DA:23,1
DA:25,1
DA:27,1
DA:29,1
DA:31,1
DA:33,1
DA:45,1
LF:14
LH:14
BRF:0
BRH:0
end_of_record
TN:
SF:src/entities/User.ts
FN:31,(anonymous_2)
FN:31,(anonymous_3)
FN:39,(anonymous_4)
FN:39,(anonymous_5)
FN:47,(anonymous_6)
FN:47,(anonymous_7)
FNF:6
FNH:6
FNDA:1,(anonymous_2)
FNDA:1,(anonymous_3)
FNDA:1,(anonymous_4)
FNDA:1,(anonymous_5)
FNDA:1,(anonymous_6)
FNDA:1,(anonymous_7)
DA:1,1
DA:8,1
DA:9,1
DA:12,1
DA:14,1
DA:17,1
DA:20,1
DA:23,1
DA:26,1
DA:29,1
DA:31,1
DA:37,1
DA:39,1
DA:45,1
DA:47,1
DA:59,1
LF:16
LH:16
BRF:0
BRH:0
end_of_record
TN:
SF:src/errors/common-error.ts
FNF:0
FNH:0
DA:1,1
LF:1
LH:1
BRF:0
BRH:0
end_of_record
TN:
SF:src/errors/conflict-error.ts
FN:7,(anonymous_0)
FN:12,(anonymous_1)
FNF:2
FNH:0
FNDA:0,(anonymous_0)
FNDA:0,(anonymous_1)
DA:1,1
DA:3,1
DA:4,0
DA:5,0
DA:7,0
DA:8,0
DA:9,0
DA:13,0
LF:8
LH:2
BRDA:9,0,0,0
BRF:1
BRH:0
end_of_record
TN:
SF:src/errors/forbidden-error.ts
FN:6,(anonymous_0)
FN:13,(anonymous_1)
FNF:2
FNH:0
FNDA:0,(anonymous_0)
FNDA:0,(anonymous_1)
DA:1,1
DA:3,1
DA:4,0
DA:5,0
DA:6,0
DA:7,0
DA:8,0
DA:9,0
DA:14,0
LF:9
LH:2
BRDA:8,0,0,0
BRF:1
BRH:0
end_of_record
TN:
SF:src/errors/not-found-error.ts
FN:6,(anonymous_0)
FN:10,(anonymous_1)
FNF:2
FNH:0
FNDA:0,(anonymous_0)
FNDA:0,(anonymous_1)
DA:1,1
DA:3,1
DA:4,0
DA:5,0
DA:7,0
DA:11,0
LF:6
LH:2
BRF:0
BRH:0
end_of_record
TN:
SF:src/middlewares/autentication.ts
FN:16,(anonymous_0)
FN:42,(anonymous_1)
FNF:2
FNH:1
FNDA:0,(anonymous_0)
FNDA:1,(anonymous_1)
DA:1,1
DA:16,1
DA:23,0
DA:24,0
DA:26,0
DA:42,1
DA:49,1
DA:50,1
DA:52,0
LF:9
LH:5
BRDA:23,0,0,0
BRDA:23,0,1,0
BRDA:49,1,0,1
BRDA:49,1,1,0
BRF:4
BRH:1
end_of_record
TN:
SF:src/middlewares/errorr-handler.ts
FN:4,(anonymous_0)
FNF:1
FNH:1
FNDA:1,(anonymous_0)
DA:1,1
DA:4,1
DA:10,1
DA:11,0
DA:14,1
LF:5
LH:4
BRDA:10,0,0,0
BRF:1
BRH:0
end_of_record
TN:
SF:src/passport/index.ts
FN:8,(anonymous_7)
FN:10,(anonymous_8)
FN:16,(anonymous_9)
FN:16,(anonymous_10)
FNF:4
FNH:1
FNDA:1,(anonymous_7)
FNDA:0,(anonymous_8)
FNDA:0,(anonymous_9)
FNDA:0,(anonymous_10)
DA:2,1
DA:3,1
DA:4,1
DA:7,1
DA:8,1
DA:10,1
DA:12,0
DA:16,1
DA:18,0
DA:19,0
DA:20,0
DA:23,0
DA:25,0
DA:27,0
DA:29,0
DA:31,0
DA:36,1
DA:37,1
LF:18
LH:9
BRDA:19,0,0,0
BRDA:29,1,0,0
BRF:2
BRH:0
end_of_record
TN:
SF:src/passport/kakaoStrategy.ts
FN:5,(anonymous_7)
FN:12,(anonymous_8)
FN:17,(anonymous_9)
FNF:3
FNH:1
FNDA:1,(anonymous_7)
FNDA:0,(anonymous_8)
FNDA:0,(anonymous_9)
DA:1,1
DA:3,1
DA:5,1
DA:6,1
DA:17,0
DA:18,0
DA:19,0
DA:21,0
DA:22,0
DA:25,0
DA:27,0
DA:34,0
DA:36,0
LF:13
LH:4
BRDA:21,0,0,0
BRDA:28,1,0,0
BRDA:28,1,1,0
BRF:3
BRH:0
end_of_record
TN:
SF:src/passport/localStrategy.ts
FN:13,(anonymous_8)
FN:33,(anonymous_9)
FN:33,(anonymous_10)
FNF:3
FNH:1
FNDA:1,(anonymous_8)
FNDA:0,(anonymous_9)
FNDA:0,(anonymous_10)
DA:1,1
DA:2,1
DA:4,1
DA:13,1
DA:15,1
DA:33,0
DA:34,0
DA:36,0
DA:39,0
DA:40,0
DA:46,0
DA:49,0
DA:50,0
DA:56,0
DA:58,0
DA:59,0
LF:16
LH:5
BRDA:39,0,0,0
BRDA:46,1,0,0
BRDA:46,1,1,0
BRDA:46,2,0,0
BRDA:46,2,1,0
BRDA:49,3,0,0
BRF:6
BRH:0
end_of_record
TN:
SF:src/routes/auth.ts
FNF:0
FNH:0
DA:1,1
DA:2,1
DA:3,1
DA:4,1
DA:7,1
DA:9,1
DA:12,1
DA:13,1
DA:14,1
DA:17,1
DA:19,1
DA:28,1
LF:12
LH:12
BRF:0
BRH:0
end_of_record
TN:
SF:src/services/User.ts
FN:26,(anonymous_7)
FN:70,(anonymous_9)
FN:117,(anonymous_11)
FN:166,(anonymous_13)
FN:199,(anonymous_15)
FNF:5
FNH:1
FNDA:1,(anonymous_7)
FNDA:0,(anonymous_9)
FNDA:0,(anonymous_11)
FNDA:0,(anonymous_13)
FNDA:0,(anonymous_15)
DA:1,1
DA:2,1
DA:4,1
DA:27,1
DA:28,1
DA:29,1
DA:33,1
DA:35,0
DA:47,0
DA:50,0
DA:51,0
DA:71,0
DA:72,0
DA:73,0
DA:77,0
DA:79,0
DA:91,0
DA:94,0
DA:95,0
DA:122,0
DA:123,0
DA:124,0
DA:129,0
DA:131,0
DA:144,0
DA:147,0
DA:148,0
DA:171,0
DA:172,0
DA:178,0
DA:180,0
DA:181,0
DA:204,0
DA:205,0
DA:211,0
DA:213,0
DA:214,0
DA:219,1
LF:38
LH:8
BRDA:26,0,0,0
BRDA:28,1,0,1
BRDA:28,1,1,0
BRDA:51,2,0,0
BRDA:70,3,0,0
BRDA:72,4,0,0
BRDA:72,4,1,0
BRDA:95,5,0,0
BRDA:120,6,0,0
BRDA:123,7,0,0
BRDA:123,7,1,0
BRDA:148,8,0,0
BRDA:181,9,0,0
BRDA:214,10,0,0
BRF:14
BRH:1
end_of_record
