TN:
SF:src/app.ts
FN:45,(anonymous_1)
FN:52,(anonymous_2)
FNF:2
FNH:0
FNDA:0,(anonymous_1)
FNDA:0,(anonymous_2)
DA:1,1
DA:2,1
DA:3,1
DA:4,1
DA:5,1
DA:6,1
DA:7,1
DA:8,1
DA:9,1
DA:10,1
DA:12,1
DA:14,1
DA:16,1
DA:18,1
DA:20,1
DA:23,1
DA:26,1
DA:39,1
DA:41,1
DA:43,1
DA:45,1
DA:46,0
DA:49,1
DA:52,1
DA:53,0
DA:57,1
DA:61,1
LF:27
LH:25
BRDA:14,0,0,1
BRDA:14,0,1,0
BRDA:16,1,0,0
BRDA:16,1,1,1
BRDA:30,2,0,1
BRDA:30,2,1,0
BRF:6
BRH:3
end_of_record
TN:
SF:src/config/AppDataSourceManager.ts
FN:13,(anonymous_7)
FN:30,(anonymous_8)
FN:37,(anonymous_9)
FN:44,(anonymous_10)
FN:65,(anonymous_12)
FNF:5
FNH:5
FNDA:3,(anonymous_7)
FNDA:3,(anonymous_8)
FNDA:40,(anonymous_9)
FNDA:2,(anonymous_10)
FNDA:12,(anonymous_12)
DA:2,3
DA:23,3
DA:24,3
DA:31,3
DA:32,3
DA:34,3
DA:38,40
DA:45,2
DA:46,0
DA:48,2
DA:49,2
DA:51,2
DA:52,2
DA:66,12
DA:69,12
DA:70,12
DA:71,12
DA:73,12
DA:75,12
DA:76,84
DA:77,84
DA:78,84
DA:81,0
DA:83,12
DA:86,12
DA:91,3
DA:93,3
LF:27
LH:25
BRDA:31,0,0,3
BRDA:45,1,0,0
BRDA:45,2,0,0
BRDA:45,2,1,2
BRDA:45,3,0,2
BRDA:45,3,1,2
BRDA:48,4,0,2
BRDA:51,5,0,2
BRF:8
BRH:6
end_of_record
TN:
SF:src/config/AppDatasource.ts
FNF:0
FNH:0
DA:1,3
DA:2,3
DA:4,3
LF:3
LH:3
BRF:0
BRH:0
end_of_record
TN:
SF:src/config/ormconfig.ts
FNF:0
FNH:0
DA:3,3
DA:17,3
LF:2
LH:2
BRDA:11,0,0,3
BRDA:11,0,1,0
BRDA:12,1,0,3
BRDA:12,1,1,0
BRDA:13,2,0,3
BRDA:13,2,1,0
BRDA:14,3,0,3
BRDA:14,3,1,3
BRF:8
BRH:5
end_of_record
TN:
SF:src/controllers/auth/AuthController.ts
FN:26,(anonymous_8)
FN:63,(anonymous_10)
FN:67,(anonymous_12)
FN:78,(anonymous_13)
FN:99,(anonymous_14)
FN:100,(anonymous_16)
FN:105,(anonymous_17)
FN:113,(anonymous_18)
FNF:8
FNH:6
FNDA:2,(anonymous_8)
FNDA:5,(anonymous_10)
FNDA:5,(anonymous_12)
FNDA:2,(anonymous_13)
FNDA:1,(anonymous_14)
FNDA:0,(anonymous_16)
FNDA:1,(anonymous_17)
FNDA:0,(anonymous_18)
DA:2,2
DA:3,2
DA:4,2
DA:5,2
DA:14,2
DA:28,2
DA:31,2
DA:34,2
DA:35,1
DA:39,1
DA:42,1
DA:49,1
DA:65,5
DA:68,5
DA:69,1
DA:70,1
DA:73,4
DA:74,2
DA:75,2
DA:78,2
DA:79,2
DA:80,1
DA:82,1
DA:100,1
DA:101,0
DA:102,0
DA:105,1
DA:106,1
DA:107,0
DA:109,1
DA:114,0
LF:31
LH:27
BRDA:34,0,0,1
BRDA:68,1,0,1
BRDA:73,2,0,2
BRDA:79,3,0,1
BRDA:101,4,0,0
BRDA:106,5,0,0
BRF:6
BRH:4
end_of_record
TN:
SF:src/entities/BaseDate.ts
FNF:0
FNH:0
DA:1,3
DA:3,3
DA:5,3
DA:8,3
DA:11,3
LF:5
LH:5
BRF:0
BRH:0
end_of_record
TN:
SF:src/entities/Hashtag.ts
FN:19,(anonymous_2)
FN:19,(anonymous_3)
FNF:2
FNH:2
FNDA:2,(anonymous_2)
FNDA:2,(anonymous_3)
DA:1,3
DA:8,3
DA:9,3
DA:12,3
DA:14,3
DA:17,3
DA:19,2
DA:21,3
LF:8
LH:8
BRF:0
BRH:0
end_of_record
TN:
SF:src/entities/Post.ts
FN:25,(anonymous_2)
FN:25,(anonymous_3)
FN:29,(anonymous_4)
FN:29,(anonymous_5)
FN:33,(anonymous_6)
FN:33,(anonymous_7)
FNF:6
FNH:6
FNDA:2,(anonymous_2)
FNDA:2,(anonymous_3)
FNDA:2,(anonymous_4)
FNDA:2,(anonymous_5)
FNDA:2,(anonymous_6)
FNDA:2,(anonymous_7)
DA:1,3
DA:10,3
DA:11,3
DA:12,3
DA:15,3
DA:17,3
DA:20,3
DA:23,3
DA:25,2
DA:27,3
DA:29,2
DA:31,3
DA:33,2
DA:45,3
LF:14
LH:14
BRF:0
BRH:0
end_of_record
TN:
SF:src/entities/User.ts
FN:31,(anonymous_2)
FN:31,(anonymous_3)
FN:41,(anonymous_4)
FN:41,(anonymous_5)
FN:49,(anonymous_6)
FN:49,(anonymous_7)
FNF:6
FNH:6
FNDA:2,(anonymous_2)
FNDA:2,(anonymous_3)
FNDA:2,(anonymous_4)
FNDA:2,(anonymous_5)
FNDA:2,(anonymous_6)
FNDA:2,(anonymous_7)
DA:1,3
DA:8,3
DA:9,3
DA:12,3
DA:14,3
DA:17,3
DA:20,3
DA:23,3
DA:26,3
DA:29,3
DA:31,2
DA:39,3
DA:41,2
DA:47,3
DA:49,2
DA:61,3
LF:16
LH:16
BRF:0
BRH:0
end_of_record
TN:
SF:src/errors/common-error.ts
FNF:0
FNH:0
DA:1,2
LF:1
LH:1
BRF:0
BRH:0
end_of_record
TN:
SF:src/errors/conflict-error.ts
FN:7,(anonymous_0)
FN:12,(anonymous_1)
FNF:2
FNH:1
FNDA:4,(anonymous_0)
FNDA:0,(anonymous_1)
DA:1,2
DA:3,2
DA:4,4
DA:5,4
DA:7,4
DA:8,4
DA:9,4
DA:13,0
LF:8
LH:7
BRDA:9,0,0,4
BRF:1
BRH:1
end_of_record
TN:
SF:src/errors/forbidden-error.ts
FN:6,(anonymous_0)
FN:13,(anonymous_1)
FNF:2
FNH:0
FNDA:0,(anonymous_0)
FNDA:0,(anonymous_1)
DA:1,1
DA:3,1
DA:4,0
DA:5,0
DA:6,0
DA:7,0
DA:8,0
DA:9,0
DA:14,0
LF:9
LH:2
BRDA:8,0,0,0
BRF:1
BRH:0
end_of_record
TN:
SF:src/errors/not-found-error.ts
FN:6,(anonymous_0)
FN:10,(anonymous_1)
FNF:2
FNH:0
FNDA:0,(anonymous_0)
FNDA:0,(anonymous_1)
DA:1,1
DA:3,1
DA:4,0
DA:5,0
DA:7,0
DA:11,0
LF:6
LH:2
BRF:0
BRH:0
end_of_record
TN:
SF:src/errors/request-validation-error.ts
FN:6,(anonymous_0)
FN:10,(anonymous_1)
FN:11,(anonymous_2)
FNF:3
FNH:3
FNDA:9,(anonymous_0)
FNDA:9,(anonymous_1)
FNDA:11,(anonymous_2)
DA:2,1
DA:4,1
DA:5,9
DA:6,9
DA:7,9
DA:11,9
DA:12,11
DA:13,11
DA:15,0
LF:9
LH:8
BRDA:12,0,0,11
BRF:1
BRH:1
end_of_record
TN:
SF:src/middlewares/autentication.ts
FN:16,(anonymous_0)
FN:42,(anonymous_1)
FNF:2
FNH:1
FNDA:0,(anonymous_0)
FNDA:9,(anonymous_1)
DA:1,1
DA:16,1
DA:23,0
DA:24,0
DA:26,0
DA:42,1
DA:49,9
DA:50,9
DA:52,0
LF:9
LH:5
BRDA:23,0,0,0
BRDA:23,0,1,0
BRDA:49,1,0,9
BRDA:49,1,1,0
BRF:4
BRH:1
end_of_record
TN:
SF:src/middlewares/error-handler.ts
FN:17,(anonymous_0)
FNF:1
FNH:1
FNDA:9,(anonymous_0)
DA:1,1
DA:17,1
DA:24,9
DA:27,9
DA:31,0
LF:5
LH:4
BRDA:24,0,0,9
BRF:1
BRH:1
end_of_record
TN:
SF:src/middlewares/error-validation.ts
FN:5,(anonymous_0)
FNF:1
FNH:1
FNDA:9,(anonymous_0)
DA:1,1
DA:3,1
DA:5,1
DA:10,9
DA:12,9
DA:13,9
DA:16,0
LF:7
LH:6
BRDA:12,0,0,9
BRF:1
BRH:1
end_of_record
TN:
SF:src/passport/index.ts
FN:8,(anonymous_7)
FN:10,(anonymous_8)
FN:16,(anonymous_9)
FN:16,(anonymous_10)
FNF:4
FNH:1
FNDA:1,(anonymous_7)
FNDA:0,(anonymous_8)
FNDA:0,(anonymous_9)
FNDA:0,(anonymous_10)
DA:2,1
DA:3,1
DA:4,1
DA:7,1
DA:8,1
DA:10,1
DA:12,0
DA:16,1
DA:18,0
DA:19,0
DA:20,0
DA:23,0
DA:25,0
DA:27,0
DA:29,0
DA:31,0
DA:36,1
DA:37,1
LF:18
LH:9
BRDA:19,0,0,0
BRDA:29,1,0,0
BRF:2
BRH:0
end_of_record
TN:
SF:src/passport/kakaoStrategy.ts
FN:5,(anonymous_7)
FN:12,(anonymous_8)
FN:17,(anonymous_9)
FNF:3
FNH:1
FNDA:1,(anonymous_7)
FNDA:0,(anonymous_8)
FNDA:0,(anonymous_9)
DA:1,1
DA:3,1
DA:5,1
DA:6,1
DA:17,0
DA:18,0
DA:19,0
DA:21,0
DA:22,0
DA:25,0
DA:32,0
DA:34,0
LF:12
LH:4
BRDA:21,0,0,0
BRDA:26,1,0,0
BRDA:26,1,1,0
BRF:3
BRH:0
end_of_record
TN:
SF:src/passport/localStrategy.ts
FN:13,(anonymous_8)
FN:33,(anonymous_9)
FN:33,(anonymous_10)
FNF:3
FNH:1
FNDA:1,(anonymous_8)
FNDA:0,(anonymous_9)
FNDA:0,(anonymous_10)
DA:1,1
DA:2,1
DA:4,1
DA:13,1
DA:15,1
DA:33,0
DA:34,0
DA:36,0
DA:39,0
DA:40,0
DA:46,0
DA:49,0
DA:50,0
DA:56,0
DA:58,0
DA:59,0
LF:16
LH:5
BRDA:39,0,0,0
BRDA:46,1,0,0
BRDA:46,1,1,0
BRDA:46,2,0,0
BRDA:46,2,1,0
BRDA:49,3,0,0
BRF:6
BRH:0
end_of_record
TN:
SF:src/routes/auth.ts
FNF:0
FNH:0
DA:1,1
DA:2,1
DA:3,1
DA:4,1
DA:5,1
DA:6,1
DA:9,1
DA:11,1
DA:14,1
DA:21,1
DA:22,1
DA:25,1
DA:27,1
DA:36,1
LF:14
LH:14
BRF:0
BRH:0
end_of_record
TN:
SF:src/services/User.ts
FN:26,(anonymous_7)
FN:70,(anonymous_9)
FN:117,(anonymous_11)
FN:166,(anonymous_13)
FN:199,(anonymous_15)
FNF:5
FNH:0
FNDA:0,(anonymous_7)
FNDA:0,(anonymous_9)
FNDA:0,(anonymous_11)
FNDA:0,(anonymous_13)
FNDA:0,(anonymous_15)
DA:1,2
DA:2,2
DA:4,2
DA:27,0
DA:28,0
DA:29,0
DA:33,0
DA:35,0
DA:47,0
DA:50,0
DA:51,0
DA:71,0
DA:72,0
DA:73,0
DA:77,0
DA:79,0
DA:91,0
DA:94,0
DA:95,0
DA:122,0
DA:123,0
DA:124,0
DA:129,0
DA:131,0
DA:144,0
DA:147,0
DA:148,0
DA:171,0
DA:172,0
DA:178,0
DA:180,0
DA:181,0
DA:204,0
DA:205,0
DA:211,0
DA:213,0
DA:214,0
DA:219,2
LF:38
LH:4
BRDA:26,0,0,0
BRDA:28,1,0,0
BRDA:28,1,1,0
BRDA:51,2,0,0
BRDA:70,3,0,0
BRDA:72,4,0,0
BRDA:72,4,1,0
BRDA:95,5,0,0
BRDA:120,6,0,0
BRDA:123,7,0,0
BRDA:123,7,1,0
BRDA:148,8,0,0
BRDA:181,9,0,0
BRDA:214,10,0,0
BRF:14
BRH:0
end_of_record
TN:
SF:src/validation/auth/validationSignUp.ts
FNF:0
FNH:0
DA:1,1
DA:3,1
LF:2
LH:2
BRF:0
BRH:0
end_of_record
