TN:
SF:src/common/validation/login.yup.ts
FNF:0
FNH:0
DA:1,1
DA:3,2
LF:2
LH:2
BRF:0
BRH:0
end_of_record
TN:
SF:src/components/Atomic/Atom/Button/index.tsx
FN:6,(anonymous_2)
FNF:1
FNH:1
FNDA:10,(anonymous_2)
DA:1,2
DA:2,2
DA:4,2
DA:6,2
DA:7,10
DA:15,10
LF:6
LH:6
BRF:0
BRH:0
end_of_record
TN:
SF:src/components/Atomic/Atom/CloseButton/index.tsx
FN:7,(anonymous_2)
FNF:1
FNH:1
FNDA:1,(anonymous_2)
DA:1,1
DA:3,1
DA:4,1
DA:7,1
DA:34,1
LF:5
LH:5
BRF:0
BRH:0
end_of_record
TN:
SF:src/components/Atomic/Atom/Form/Index.tsx
FN:6,(anonymous_2)
FNF:1
FNH:1
FNDA:10,(anonymous_2)
DA:1,2
DA:3,2
DA:4,2
DA:6,2
DA:12,10
DA:25,4
LF:6
LH:6
BRDA:13,0,0,10
BRDA:13,0,1,10
BRF:2
BRH:2
end_of_record
TN:
SF:src/components/Atomic/Atom/FormButton/index.tsx
FN:6,(anonymous_2)
FNF:1
FNH:1
FNDA:6,(anonymous_2)
DA:1,1
DA:3,1
DA:4,1
DA:6,1
DA:7,6
DA:8,6
DA:20,2
LF:7
LH:7
BRDA:12,0,0,6
BRDA:12,0,1,3
BRDA:12,0,2,3
BRF:3
BRH:3
end_of_record
TN:
SF:src/components/Atomic/Atom/Input/index.tsx
FN:7,(anonymous_2)
FNF:1
FNH:1
FNDA:16,(anonymous_2)
DA:1,3
DA:3,3
DA:4,3
DA:5,3
DA:7,3
DA:10,16
DA:11,16
DA:12,16
DA:13,16
DA:43,10
LF:10
LH:10
BRDA:12,0,0,16
BRDA:12,0,1,14
BRDA:25,1,0,16
BRDA:25,1,1,0
BRF:4
BRH:3
end_of_record
TN:
SF:src/components/Atomic/Atom/ListItem/index.tsx
FN:8,(anonymous_2)
FNF:1
FNH:1
FNDA:18,(anonymous_2)
DA:1,2
DA:2,2
DA:3,2
DA:5,2
DA:6,2
DA:8,2
DA:34,18
LF:7
LH:7
BRDA:9,0,0,18
BRDA:12,1,0,17
BRDA:13,2,0,9
BRDA:18,3,0,18
BRDA:18,3,1,1
BRDA:20,4,0,14
BRDA:20,4,1,4
BRDA:24,5,0,9
BRDA:24,5,1,9
BRF:9
BRH:9
end_of_record
TN:
SF:src/components/Atomic/Atom/TextButton/index.tsx
FN:7,(anonymous_2)
FNF:1
FNH:1
FNDA:2,(anonymous_2)
DA:1,1
DA:3,1
DA:4,1
DA:5,1
DA:7,1
DA:8,2
DA:18,2
LF:7
LH:7
BRF:0
BRH:0
end_of_record
TN:
SF:src/components/Atomic/Atom/TooltipListItem/index.tsx
FN:7,(anonymous_5)
FN:16,(anonymous_6)
FN:25,(anonymous_7)
FN:26,(anonymous_8)
FN:29,(anonymous_9)
FN:31,(anonymous_10)
FNF:6
FNH:6
FNDA:9,(anonymous_5)
FNDA:6,(anonymous_6)
FNDA:1,(anonymous_7)
FNDA:1,(anonymous_8)
FNDA:7,(anonymous_9)
FNDA:7,(anonymous_10)
DA:1,1
DA:2,1
DA:3,1
DA:5,1
DA:7,1
DA:13,9
DA:14,9
DA:16,9
DA:17,6
DA:21,1
DA:25,9
DA:26,1
DA:29,9
DA:30,7
DA:31,7
DA:32,7
DA:63,7
LF:17
LH:17
BRDA:17,0,0,1
BRDA:18,1,0,6
BRDA:18,1,1,2
BRF:3
BRH:3
end_of_record
TN:
SF:src/pages/_app.tsx
FN:4,App
FNF:1
FNH:0
FNDA:0,App
DA:1,0
DA:4,0
LF:2
LH:0
BRF:0
BRH:0
end_of_record
TN:
SF:src/pages/_document.tsx
FN:3,Document
FNF:1
FNH:0
FNDA:0,Document
DA:1,0
DA:3,0
LF:2
LH:0
BRF:0
BRH:0
end_of_record
TN:
SF:src/pages/index.tsx
FN:14,Home
FNF:1
FNH:0
FNDA:0,Home
DA:6,0
DA:7,0
DA:8,0
DA:9,0
DA:10,0
DA:11,0
DA:14,0
LF:7
LH:0
BRF:0
BRH:0
end_of_record
TN:
SF:src/pages/Login/index.tsx
FN:3,(anonymous_2)
FNF:1
FNH:0
FNDA:0,(anonymous_2)
DA:1,0
DA:3,0
DA:7,0
LF:3
LH:0
BRF:0
BRH:0
end_of_record
