TN:
SF:src/common/validation/login.yup.ts
FNF:0
FNH:0
DA:1,1
DA:3,2
LF:2
LH:2
BRF:0
BRH:0
end_of_record
TN:
SF:src/common/validation/searchBar.yup.ts
FNF:0
FNH:0
DA:1,1
DA:3,2
LF:2
LH:2
BRF:0
BRH:0
end_of_record
TN:
SF:src/components/Atomic/Atom/Avator/index.tsx
FN:9,(anonymous_2)
FNF:1
FNH:1
FNDA:2,(anonymous_2)
DA:1,1
DA:2,1
DA:3,1
DA:4,1
DA:5,1
DA:6,1
DA:9,1
DA:37,2
LF:8
LH:8
BRDA:13,0,0,1
BRF:1
BRH:1
end_of_record
TN:
SF:src/components/Atomic/Atom/Button/index.tsx
FN:6,(anonymous_2)
FNF:1
FNH:1
FNDA:12,(anonymous_2)
DA:1,3
DA:2,3
DA:4,3
DA:6,3
DA:7,12
DA:19,12
LF:6
LH:6
BRF:0
BRH:0
end_of_record
TN:
SF:src/components/Atomic/Atom/CloseButton/index.tsx
FN:7,(anonymous_2)
FNF:1
FNH:1
FNDA:1,(anonymous_2)
DA:1,1
DA:3,1
DA:4,1
DA:7,1
DA:34,1
LF:5
LH:5
BRF:0
BRH:0
end_of_record
TN:
SF:src/components/Atomic/Atom/Form/Index.tsx
FN:7,(anonymous_2)
FNF:1
FNH:1
FNDA:14,(anonymous_2)
DA:1,3
DA:3,3
DA:4,3
DA:7,3
DA:13,14
DA:26,6
LF:6
LH:6
BRDA:14,0,0,14
BRDA:14,0,1,14
BRF:2
BRH:2
end_of_record
TN:
SF:src/components/Atomic/Atom/FormButton/index.tsx
FN:6,(anonymous_2)
FNF:1
FNH:1
FNDA:6,(anonymous_2)
DA:1,1
DA:3,1
DA:4,1
DA:6,1
DA:7,6
DA:8,6
DA:20,2
LF:7
LH:7
BRDA:12,0,0,6
BRDA:12,0,1,3
BRDA:12,0,2,3
BRF:3
BRH:3
end_of_record
TN:
SF:src/components/Atomic/Atom/IconItem/index.tsx
FN:6,(anonymous_5)
FN:29,(anonymous_6)
FN:30,(anonymous_7)
FN:33,(anonymous_8)
FN:43,(anonymous_9)
FN:45,(anonymous_10)
FNF:6
FNH:6
FNDA:4,(anonymous_5)
FNDA:1,(anonymous_6)
FNDA:1,(anonymous_7)
FNDA:3,(anonymous_8)
FNDA:2,(anonymous_9)
FNDA:2,(anonymous_10)
DA:1,1
DA:2,1
DA:3,1
DA:6,1
DA:14,4
DA:15,4
DA:17,4
DA:23,4
DA:29,4
DA:30,1
DA:33,4
DA:34,3
DA:39,1
DA:43,4
DA:44,2
DA:45,2
DA:46,2
DA:83,2
LF:18
LH:18
BRDA:9,0,0,1
BRDA:10,1,0,4
BRDA:34,2,0,1
BRDA:35,3,0,3
BRDA:35,3,1,3
BRDA:35,3,2,3
BRDA:53,4,0,3
BRDA:53,4,1,1
BRDA:65,5,0,4
BRF:9
BRH:9
end_of_record
TN:
SF:src/components/Atomic/Atom/Input/index.tsx
FN:7,(anonymous_2)
FNF:1
FNH:1
FNDA:20,(anonymous_2)
DA:1,4
DA:3,4
DA:4,4
DA:5,4
DA:7,4
DA:10,20
DA:11,20
DA:12,20
DA:13,20
DA:43,12
LF:10
LH:10
BRDA:12,0,0,20
BRDA:12,0,1,17
BRDA:25,1,0,20
BRDA:25,1,1,0
BRF:4
BRH:3
end_of_record
TN:
SF:src/components/Atomic/Atom/ListItem/index.tsx
FN:8,(anonymous_2)
FNF:1
FNH:1
FNDA:19,(anonymous_2)
DA:1,3
DA:2,3
DA:3,3
DA:5,3
DA:6,3
DA:8,3
DA:34,20
LF:7
LH:7
BRDA:9,0,0,18
BRDA:12,1,0,18
BRDA:13,2,0,10
BRDA:18,3,0,19
BRDA:18,3,1,1
BRDA:20,4,0,15
BRDA:20,4,1,4
BRDA:24,5,0,9
BRDA:24,5,1,10
BRF:9
BRH:9
end_of_record
TN:
SF:src/components/Atomic/Atom/TextButton/index.tsx
FN:7,(anonymous_2)
FNF:1
FNH:1
FNDA:2,(anonymous_2)
DA:1,1
DA:3,1
DA:4,1
DA:5,1
DA:7,1
DA:8,2
DA:18,2
LF:7
LH:7
BRF:0
BRH:0
end_of_record
TN:
SF:src/components/Atomic/Atom/TooltipListItem/index.tsx
FN:7,(anonymous_5)
FN:19,(anonymous_6)
FN:29,(anonymous_7)
FN:30,(anonymous_8)
FN:34,(anonymous_9)
FN:36,(anonymous_10)
FNF:6
FNH:6
FNDA:9,(anonymous_5)
FNDA:6,(anonymous_6)
FNDA:1,(anonymous_7)
FNDA:1,(anonymous_8)
FNDA:7,(anonymous_9)
FNDA:7,(anonymous_10)
DA:1,1
DA:2,1
DA:3,1
DA:5,1
DA:7,1
DA:14,9
DA:16,9
DA:19,9
DA:20,6
DA:24,1
DA:29,9
DA:30,1
DA:34,9
DA:35,7
DA:36,7
DA:37,7
DA:68,7
LF:17
LH:17
BRDA:20,0,0,1
BRDA:21,1,0,6
BRDA:21,1,1,2
BRF:3
BRH:3
end_of_record
TN:
SF:src/components/Atomic/Molecules/SearchBar/index.tsx
FN:11,(anonymous_2)
FNF:1
FNH:1
FNDA:2,(anonymous_2)
DA:1,1
DA:4,1
DA:5,1
DA:6,1
DA:7,1
DA:8,1
DA:9,1
DA:11,1
DA:27,2
LF:9
LH:9
BRF:0
BRH:0
end_of_record
TN:
SF:src/pages/_app.tsx
FN:4,App
FNF:1
FNH:0
FNDA:0,App
DA:1,0
DA:4,0
LF:2
LH:0
BRF:0
BRH:0
end_of_record
TN:
SF:src/pages/_document.tsx
FN:3,Document
FNF:1
FNH:0
FNDA:0,Document
DA:1,0
DA:3,0
LF:2
LH:0
BRF:0
BRH:0
end_of_record
TN:
SF:src/pages/index.tsx
FN:20,Home
FN:22,(anonymous_3)
FNF:2
FNH:0
FNDA:0,Home
FNDA:0,(anonymous_3)
DA:4,0
DA:6,0
DA:8,0
DA:9,0
DA:10,0
DA:11,0
DA:13,0
DA:14,0
DA:15,0
DA:16,0
DA:17,0
DA:18,0
DA:20,0
DA:21,0
DA:22,0
DA:23,0
LF:16
LH:0
BRF:0
BRH:0
end_of_record
TN:
SF:src/pages/Login/index.tsx
FN:3,(anonymous_2)
FNF:1
FNH:0
FNDA:0,(anonymous_2)
DA:1,0
DA:3,0
DA:7,0
LF:3
LH:0
BRF:0
BRH:0
end_of_record
